2025-01-10 00:44:10,893 - WARNING -  * Debugger is active!
2025-01-10 00:44:10,898 - INFO -  * Debugger PIN: 124-470-073
2025-01-10 00:44:10,993 - WARNING - Access to /non_followers without login.
2025-01-10 00:44:10,994 - INFO - 127.0.0.1 - - [10/Jan/2025 00:44:10] "[31m[1mGET /non_followers HTTP/1.1[0m" 401 -
2025-01-10 00:46:30,553 - INFO -  * Detected change in '/Users/tanishkyadav/Documents/instagram-manager/app.py', reloading
2025-01-10 00:46:30,878 - WARNING -  * Debugger is active!
2025-01-10 00:46:30,883 - INFO -  * Debugger PIN: 124-470-073
2025-01-10 00:46:36,330 - INFO - [31m[1mWARNING: This is a development server. Do not use it in a production deployment. Use a production WSGI server instead.[0m
 * Running on http://127.0.0.1:5000
2025-01-10 00:46:36,331 - INFO - [33mPress CTRL+C to quit[0m
2025-01-10 00:46:36,331 - INFO -  * Restarting with stat
2025-01-10 00:46:36,568 - WARNING -  * Debugger is active!
2025-01-10 00:46:36,575 - INFO -  * Debugger PIN: 124-470-073
2025-01-10 00:46:58,642 - INFO - 127.0.0.1 - - [10/Jan/2025 00:46:58] "[33mGET /dashboard HTTP/1.1[0m" 404 -
2025-01-10 00:46:59,559 - INFO - 127.0.0.1 - - [10/Jan/2025 00:46:59] "[33mGET /dashboard HTTP/1.1[0m" 404 -
2025-01-10 00:47:02,683 - INFO - 127.0.0.1 - - [10/Jan/2025 00:47:02] "[33mGET /dashboard HTTP/1.1[0m" 404 -
2025-01-10 00:47:05,317 - INFO - 127.0.0.1 - - [10/Jan/2025 00:47:05] "GET / HTTP/1.1" 200 -
2025-01-10 00:47:07,157 - INFO - Login attempt with username: tanishhky
2025-01-10 00:47:07,158 - INFO - https://i.instagram.com/api/v1/launcher/sync/
2025-01-10 00:47:07,561 - INFO - tanishhky [200] POST https://i.instagram.com/api/v1/launcher/sync/ (269.0.0.18.75, OnePlus 6T Dev)
2025-01-10 00:47:07,897 - INFO - https://i.instagram.com/api/v1/accounts/login/
2025-01-10 00:47:11,409 - INFO - tanishhky [200] POST https://i.instagram.com/api/v1/accounts/login/ (269.0.0.18.75, OnePlus 6T Dev)
2025-01-10 00:47:12,415 - INFO - https://i.instagram.com/api/v1/feed/reels_tray/
2025-01-10 00:47:13,454 - INFO - tanishhky [200] POST https://i.instagram.com/api/v1/feed/reels_tray/ (269.0.0.18.75, OnePlus 6T Dev)
2025-01-10 00:47:14,460 - INFO - https://i.instagram.com/api/v1/feed/timeline/
2025-01-10 00:47:16,633 - INFO - tanishhky [200] POST https://i.instagram.com/api/v1/feed/timeline/ (269.0.0.18.75, OnePlus 6T Dev)
2025-01-10 00:47:16,637 - INFO - Login successful for username: tanishhky
2025-01-10 00:47:16,639 - INFO - 127.0.0.1 - - [10/Jan/2025 00:47:16] "POST /login HTTP/1.1" 200 -
2025-01-10 00:47:16,671 - INFO - Fetching non-followers list...
2025-01-10 00:47:16,671 - INFO - Fetched user_id: 44673213498
2025-01-10 00:47:18,407 - INFO - [None] [200] GET https://www.instagram.com/graphql/query/?variables=%7B%22id%22%3A%2244673213498%22%2C%22include_reel%22%3Atrue%2C%22fetch_mutual%22%3Afalse%2C%22first%22%3A12%7D&query_hash=5aefa9893005572d237da5068082d8d5
2025-01-10 00:47:20,881 - INFO - [None] [200] GET https://www.instagram.com/graphql/query/?variables=%7B%22id%22%3A%2244673213498%22%2C%22include_reel%22%3Atrue%2C%22fetch_mutual%22%3Afalse%2C%22first%22%3A12%2C%22after%22%3A%22QVFCZDlySzhhU0t2NU9FS1h4UDFnd2lUbnJya1phTzl5WU9Fd2NaUjZ2NS00bGlHbFhyZVBsQjJJWTJXYjAyYjB4bGdNRG1JaW9TM1dueDFQWXlaOWhwcw%3D%3D%22%7D&query_hash=5aefa9893005572d237da5068082d8d5
2025-01-10 00:47:24,012 - INFO - [None] [200] GET https://www.instagram.com/graphql/query/?variables=%7B%22id%22%3A%2244673213498%22%2C%22include_reel%22%3Atrue%2C%22fetch_mutual%22%3Afalse%2C%22first%22%3A12%2C%22after%22%3A%22QVFDOGJfNXN5VzdaVkFVdmNzWXZLWXNRN2hReHV4c1pEa0tmQVlpS3VDdHMtNFJTRTZoRm5CdzZqZ2d6R01YdEpRQnFkWjVKSWxuYjF5b0VYczlEWkJqVA%3D%3D%22%7D&query_hash=5aefa9893005572d237da5068082d8d5
2025-01-10 00:47:26,370 - INFO - [None] [200] GET https://www.instagram.com/graphql/query/?variables=%7B%22id%22%3A%2244673213498%22%2C%22include_reel%22%3Atrue%2C%22fetch_mutual%22%3Afalse%2C%22first%22%3A12%2C%22after%22%3A%22QVFEbElYV0ZGNUo3QmRic2NPakw4SG45a2JZaEN1WVI3Tldsd185d0ktTWpobkdRYU9hSHIwN2k3Y3ROUmFJZnY4NEFLaXVuTFZuUFJSY0xUNWkyUndHXw%3D%3D%22%7D&query_hash=5aefa9893005572d237da5068082d8d5
2025-01-10 00:47:28,747 - INFO - [None] [200] GET https://www.instagram.com/graphql/query/?variables=%7B%22id%22%3A%2244673213498%22%2C%22include_reel%22%3Atrue%2C%22fetch_mutual%22%3Afalse%2C%22first%22%3A12%2C%22after%22%3A%22QVFEeDVMVTdETFFXR3BvVDBCMGNKOGxMT1kwMFRQRG51SEJlTnhPN0M0bFpURjFyS05aZzBESm9aR2szZEJ2X2NEVUtlQkMtWlZZXzlzckhkS0lfRVZDTQ%3D%3D%22%7D&query_hash=5aefa9893005572d237da5068082d8d5
2025-01-10 00:47:31,109 - INFO - [None] [200] GET https://www.instagram.com/graphql/query/?variables=%7B%22id%22%3A%2244673213498%22%2C%22include_reel%22%3Atrue%2C%22fetch_mutual%22%3Afalse%2C%22first%22%3A12%2C%22after%22%3A%22QVFDTi02akc5TkNwSE92aGRmcURGTzdObUM1eFlIbzEzQ0o1WEhOQ2xBTHN1aEJpT1FVdnhhUkpqY2poWG1vbi1HaVFQTC1KaUdWa2YwT1ZWQXdUX215RA%3D%3D%22%7D&query_hash=5aefa9893005572d237da5068082d8d5
2025-01-10 00:47:33,580 - INFO - [None] [200] GET https://www.instagram.com/graphql/query/?variables=%7B%22id%22%3A%2244673213498%22%2C%22include_reel%22%3Atrue%2C%22fetch_mutual%22%3Afalse%2C%22first%22%3A12%2C%22after%22%3A%22QVFCVWRqVHR0azBVZS1uenVsSmRrWm1VSXA3S2lnY2VtRjhBNWNPWjdoN0ZpWXdvbVVldXV5Wl9TbXpzRF9fUzR1NlpxUWpORlNMNVk2Zm1TcHFEcmY0Zw%3D%3D%22%7D&query_hash=5aefa9893005572d237da5068082d8d5
2025-01-10 00:47:35,966 - INFO - [None] [200] GET https://www.instagram.com/graphql/query/?variables=%7B%22id%22%3A%2244673213498%22%2C%22include_reel%22%3Atrue%2C%22fetch_mutual%22%3Afalse%2C%22first%22%3A12%2C%22after%22%3A%22QVFEZ2tQR3hEUXBFdHJxU1RCZHZIM2lhNEN1eHlnaUZRd1lsN3RjVnQ0Z1poMVlFR2hKbjY5b0pybTFlTVZRQUREZUhZZ29RUlZOblItZmMzdWRTSUQ3Sg%3D%3D%22%7D&query_hash=5aefa9893005572d237da5068082d8d5
2025-01-10 00:47:38,474 - INFO - [None] [200] GET https://www.instagram.com/graphql/query/?variables=%7B%22id%22%3A%2244673213498%22%2C%22include_reel%22%3Atrue%2C%22fetch_mutual%22%3Afalse%2C%22first%22%3A12%2C%22after%22%3A%22QVFERk1OaE52N2NYSHpTYk4tNXRMaWNIajUxY1ZCenVoNGYtNFplWGdQWnpRRFlCNmZfdFRvR3lTU3BGRjF5bUdFU0pkYUNYcm9GMjdFdDlvZUFVMGtIdQ%3D%3D%22%7D&query_hash=5aefa9893005572d237da5068082d8d5
2025-01-10 00:47:40,801 - INFO - [None] [200] GET https://www.instagram.com/graphql/query/?variables=%7B%22id%22%3A%2244673213498%22%2C%22include_reel%22%3Atrue%2C%22fetch_mutual%22%3Afalse%2C%22first%22%3A12%2C%22after%22%3A%22QVFEUjRQTmRzZWhnby13c1c2bDJsT1FjODlRSFpnbGl1eGR6Y3NjNXVXbm55LWJfU3NGaVktd1Iyd2NOUXJrTkNmamFQclprUlBHaGNyZmk3Qk9lYWZPUA%3D%3D%22%7D&query_hash=5aefa9893005572d237da5068082d8d5
2025-01-10 00:47:43,186 - INFO - [None] [200] GET https://www.instagram.com/graphql/query/?variables=%7B%22id%22%3A%2244673213498%22%2C%22include_reel%22%3Atrue%2C%22fetch_mutual%22%3Afalse%2C%22first%22%3A12%2C%22after%22%3A%22QVFDRmFEaEpYSU9fWkUwUlhoRFUtZHRVcnRkSURLVjhuV1BCd09weHhLVThNbDJXUThwdGJ2TnJvc0dWNXhwNXdva2ZPdWhrOXF3VWJFZ0VtZjItRDFneA%3D%3D%22%7D&query_hash=5aefa9893005572d237da5068082d8d5
2025-01-10 00:47:45,668 - INFO - [None] [200] GET https://www.instagram.com/graphql/query/?variables=%7B%22id%22%3A%2244673213498%22%2C%22include_reel%22%3Atrue%2C%22fetch_mutual%22%3Afalse%2C%22first%22%3A12%2C%22after%22%3A%22QVFDcDBhWHJza2V0STN2OFk4WmJQVE9iYW1vajRTZnRmek1wc1pMTUgtM2Rsb1JCbkpmdE9mMzZaclRwTGtJaDBPV3ZMaHNsU2JUc0lHSFdIRVdKQ1luWQ%3D%3D%22%7D&query_hash=5aefa9893005572d237da5068082d8d5
2025-01-10 00:47:48,063 - INFO - [None] [200] GET https://www.instagram.com/graphql/query/?variables=%7B%22id%22%3A%2244673213498%22%2C%22include_reel%22%3Atrue%2C%22fetch_mutual%22%3Afalse%2C%22first%22%3A12%2C%22after%22%3A%22QVFDcmtwNm1rUlpSd19NSVJVek1iU2taY2hoTFlfT1g2RTZaMC1wb215aGlxS21oRF9XeGhPeE9WZkppMkROODh1MS05NFY1cUhNTEtfaUpqT21ZRXMzVw%3D%3D%22%7D&query_hash=5aefa9893005572d237da5068082d8d5
2025-01-10 00:47:50,424 - INFO - [None] [200] GET https://www.instagram.com/graphql/query/?variables=%7B%22id%22%3A%2244673213498%22%2C%22include_reel%22%3Atrue%2C%22fetch_mutual%22%3Afalse%2C%22first%22%3A12%2C%22after%22%3A%22QVFDeUFEOW02dGJSSFRpSHdyN3B0d1Q4ekItN3Nqa05IcnRvTGxncERzbXZuc0pZZWFkM3VsN1JQTlM5ZWFfWlF1cE44em5vUTAxOTJfN3dUeDZRNTVIbA%3D%3D%22%7D&query_hash=5aefa9893005572d237da5068082d8d5
2025-01-10 00:47:52,810 - INFO - [None] [200] GET https://www.instagram.com/graphql/query/?variables=%7B%22id%22%3A%2244673213498%22%2C%22include_reel%22%3Atrue%2C%22fetch_mutual%22%3Afalse%2C%22first%22%3A12%2C%22after%22%3A%22QVFDZWNKQXRyckdZRzBjdEFfQ05KSnowUnBOc05HTWQwVmpBWnJVNW1QcVhIa0h1MnlaY3p4TzVObEQ2SXRHdkpOdHFvN0RLZWFVNi12NndrNUxIZnBKNQ%3D%3D%22%7D&query_hash=5aefa9893005572d237da5068082d8d5
2025-01-10 00:47:55,208 - INFO - [None] [200] GET https://www.instagram.com/graphql/query/?variables=%7B%22id%22%3A%2244673213498%22%2C%22include_reel%22%3Atrue%2C%22fetch_mutual%22%3Afalse%2C%22first%22%3A12%2C%22after%22%3A%22QVFEVGpyOG8wSlMySGRfVVU3b0ctLVgydGpjbVlUZWNvbUNnSkNTNUhPM3NqRmNJXzVjRGRINXpfRXpLRU8xQjlvUEJWNFpJMEh6OVZXX1FIQXJleUJ1Vg%3D%3D%22%7D&query_hash=5aefa9893005572d237da5068082d8d5
2025-01-10 00:47:57,747 - INFO - [None] [200] GET https://www.instagram.com/graphql/query/?variables=%7B%22id%22%3A%2244673213498%22%2C%22include_reel%22%3Atrue%2C%22fetch_mutual%22%3Afalse%2C%22first%22%3A12%2C%22after%22%3A%22QVFBX2FwS2g1OWhHQlBCSUl6V211UG1ENDB4RzlEQXAzajhMWXpUXzg1WkR0SlZHWWdaYm9wUEs1aGt6M3dNWnVhcDVsNUY0N0hiXzRfY2VQeEZyb2d4WQ%3D%3D%22%7D&query_hash=5aefa9893005572d237da5068082d8d5
2025-01-10 00:48:00,216 - INFO - [None] [200] GET https://www.instagram.com/graphql/query/?variables=%7B%22id%22%3A%2244673213498%22%2C%22include_reel%22%3Atrue%2C%22fetch_mutual%22%3Afalse%2C%22first%22%3A12%2C%22after%22%3A%22QVFDWm90UXRiV3RrUXppb3AwSUgxaHVnbERSMy05T2Rib18tZ3ZCSjF1VXVkajZsYzBGNFh0SFdCZzNfU1VPTDJfc0xtbnRieHhuX242ZDNTbmVybmVNYg%3D%3D%22%7D&query_hash=5aefa9893005572d237da5068082d8d5
2025-01-10 00:48:02,623 - INFO - [None] [200] GET https://www.instagram.com/graphql/query/?variables=%7B%22id%22%3A%2244673213498%22%2C%22include_reel%22%3Atrue%2C%22fetch_mutual%22%3Afalse%2C%22first%22%3A12%2C%22after%22%3A%22QVFEcXZwZ2JzaWpBVG9CTzBfdnFVMFZkYTdIQUozTmF4d3Vnd0NobjBfc2RpWkdlaDR1U01BalpWMngzb1Eya1BxYWFQVTRWRC1jbEw3NWFoajBNcVJPQg%3D%3D%22%7D&query_hash=5aefa9893005572d237da5068082d8d5
2025-01-10 00:48:05,021 - INFO - [None] [200] GET https://www.instagram.com/graphql/query/?variables=%7B%22id%22%3A%2244673213498%22%2C%22include_reel%22%3Atrue%2C%22fetch_mutual%22%3Afalse%2C%22first%22%3A12%2C%22after%22%3A%22QVFDMU9aQU1MQm52SVg4ZC0zeklsdHp1WXJnRFUwQWFvZDhTR3FwOXJYM3g1OUFMZFlNeEx6bnR4R1B0dVpWdjhDT0tGU3BVRWw1VE5DRTRTU2VUOW9HbA%3D%3D%22%7D&query_hash=5aefa9893005572d237da5068082d8d5
2025-01-10 00:48:07,393 - INFO - [None] [200] GET https://www.instagram.com/graphql/query/?variables=%7B%22id%22%3A%2244673213498%22%2C%22include_reel%22%3Atrue%2C%22fetch_mutual%22%3Afalse%2C%22first%22%3A12%2C%22after%22%3A%22QVFBU3A4djYyR25zaV81X05CMTVMTnpUWmJrMmNqSmJUZ2RlNkNKZDVPaEFxQVdCMzNQQjlPTGxUVElGUlVBeGQxZGE5elNFMnM3elRyZUZoeHB1TDZqNw%3D%3D%22%7D&query_hash=5aefa9893005572d237da5068082d8d5
2025-01-10 00:48:09,751 - INFO - [None] [200] GET https://www.instagram.com/graphql/query/?variables=%7B%22id%22%3A%2244673213498%22%2C%22include_reel%22%3Atrue%2C%22fetch_mutual%22%3Afalse%2C%22first%22%3A12%2C%22after%22%3A%22QVFDWlpxYXpSNHpaNXUyc2RCUXFla3JtZjE5Ym9IWHJJMWJfaGlYVW11UVFOV1N2V1RoX1ZXYWFZOEV1czZDSG00blVOdmRPdEtUdWU4N1BJTU1LQk5tQw%3D%3D%22%7D&query_hash=5aefa9893005572d237da5068082d8d5
2025-01-10 00:48:12,115 - INFO - [None] [200] GET https://www.instagram.com/graphql/query/?variables=%7B%22id%22%3A%2244673213498%22%2C%22include_reel%22%3Atrue%2C%22fetch_mutual%22%3Afalse%2C%22first%22%3A12%2C%22after%22%3A%22QVFBVkxpRnlCNHl0dExUY0kybWotZWs1WHgyam5jRFBJOEpGNjF2Wlc5LUxxTlpEbGRNOVRoakFjQldQUkxrTGlDMFFxR2YyR3c4cnY5dXR5ZXE3Si0wQg%3D%3D%22%7D&query_hash=5aefa9893005572d237da5068082d8d5
2025-01-10 00:48:14,470 - INFO - [None] [200] GET https://www.instagram.com/graphql/query/?variables=%7B%22id%22%3A%2244673213498%22%2C%22include_reel%22%3Atrue%2C%22fetch_mutual%22%3Afalse%2C%22first%22%3A12%2C%22after%22%3A%22QVFEaS0xWk1LT2pBeFZIR0NNWDdRZnZRbXVvbUZZMTB6Rl9MREJoM2ZUbTZCVWR4QnRYcTVrTmVCMGV1SFdWNXhlenlDYlM5eThYcmNaM0hpdWo4Y1c1SQ%3D%3D%22%7D&query_hash=5aefa9893005572d237da5068082d8d5
2025-01-10 00:48:16,827 - INFO - [None] [200] GET https://www.instagram.com/graphql/query/?variables=%7B%22id%22%3A%2244673213498%22%2C%22include_reel%22%3Atrue%2C%22fetch_mutual%22%3Afalse%2C%22first%22%3A12%2C%22after%22%3A%22QVFCLVhhQU84RWZCMldZTUlQN3NIOWdPTG5GRVgyMF9JS01JODNDbkNHcUdRQTZPT203Ump5YjdoRDRFR0NKNmZ2R2Zlc2w0ZUFUSFNxb3VHQnlYQkFEXw%3D%3D%22%7D&query_hash=5aefa9893005572d237da5068082d8d5
2025-01-10 00:48:19,230 - INFO - [None] [200] GET https://www.instagram.com/graphql/query/?variables=%7B%22id%22%3A%2244673213498%22%2C%22include_reel%22%3Atrue%2C%22fetch_mutual%22%3Afalse%2C%22first%22%3A12%2C%22after%22%3A%22QVFDMkNrS282THlwS05fY1UwOVl2Z1N6TlVqSEpCOVllclZncnZheHRYTURUandXanRmR0xzalJMeVF5OVFFSi02a016YVJoQTJ3bS1uSGhqVWlZcmNQXw%3D%3D%22%7D&query_hash=5aefa9893005572d237da5068082d8d5
2025-01-10 00:48:21,728 - INFO - [None] [200] GET https://www.instagram.com/graphql/query/?variables=%7B%22id%22%3A%2244673213498%22%2C%22include_reel%22%3Atrue%2C%22fetch_mutual%22%3Afalse%2C%22first%22%3A12%2C%22after%22%3A%22QVFCV0tUMEVJRm13dmJ3c3hyWGd4ZjBKZDZlaFNPZTlhbFdGN0owLVAyTkpZSWNTSFNWOFhKZU5uTV91cVc2TzR3NUFrR2hhTG1wZnp1RHZXSk9ZTGpQdQ%3D%3D%22%7D&query_hash=5aefa9893005572d237da5068082d8d5
2025-01-10 00:48:24,125 - INFO - [None] [200] GET https://www.instagram.com/graphql/query/?variables=%7B%22id%22%3A%2244673213498%22%2C%22include_reel%22%3Atrue%2C%22fetch_mutual%22%3Afalse%2C%22first%22%3A12%2C%22after%22%3A%22QVFCTVpJSkRnQ25MRUtrWkdvbW9keHFsV1FXdlVSaTRldTNUVFhSblNWSmp2aXI4SC1NWFJaRHUwYkotNGtXUTdLNU00djJ3Nl9xc2k1ZGxjV1UzR1JDTQ%3D%3D%22%7D&query_hash=5aefa9893005572d237da5068082d8d5
2025-01-10 00:48:26,523 - INFO - [None] [200] GET https://www.instagram.com/graphql/query/?variables=%7B%22id%22%3A%2244673213498%22%2C%22include_reel%22%3Atrue%2C%22fetch_mutual%22%3Afalse%2C%22first%22%3A12%2C%22after%22%3A%22QVFBNGhlYlItQUpCUHpQRFlqM2tRczV0ZWVMcnA2SFlwb25rYkVaazQwUm51T3FXTDV2ZEx0eTlFbGU4c3lTQWVVMjBxYkdIOU9TS1FvV3k5VHU3aXhrUQ%3D%3D%22%7D&query_hash=5aefa9893005572d237da5068082d8d5
2025-01-10 00:48:28,881 - INFO - [None] [200] GET https://www.instagram.com/graphql/query/?variables=%7B%22id%22%3A%2244673213498%22%2C%22include_reel%22%3Atrue%2C%22fetch_mutual%22%3Afalse%2C%22first%22%3A12%2C%22after%22%3A%22QVFBaGtwbXN6TTJKbXhDbnFqYllzTFFsMloxMGNCMlhfU3ZZVUZLbEdTM3ItMktKZndwNzFER1l4OEVzYVJZeUYxRDJZSWE2VVJOaFpaRWJUSGFFWkhKQg%3D%3D%22%7D&query_hash=5aefa9893005572d237da5068082d8d5
2025-01-10 00:48:31,222 - INFO - [None] [200] GET https://www.instagram.com/graphql/query/?variables=%7B%22id%22%3A%2244673213498%22%2C%22include_reel%22%3Atrue%2C%22fetch_mutual%22%3Afalse%2C%22first%22%3A12%2C%22after%22%3A%22QVFEMGhxdjBHMkcxOXlBR3Z4NENBeXNoZWY3bXZlRGFhYTdIdUJadmcwbmdhTXUyZXVzYkUtUzVreGExS0RBRXhjUkJBS3VHLVpNdVNvQ2hoX0NOVEtlag%3D%3D%22%7D&query_hash=5aefa9893005572d237da5068082d8d5
2025-01-10 00:48:33,604 - INFO - [None] [200] GET https://www.instagram.com/graphql/query/?variables=%7B%22id%22%3A%2244673213498%22%2C%22include_reel%22%3Atrue%2C%22fetch_mutual%22%3Afalse%2C%22first%22%3A12%2C%22after%22%3A%22QVFESnM2SE52QnZWM3JyT203WjRWTlVDM20zOFlpcmdlbEc3bjRuT0plZ1FUb0tOT3ItTG9hSkJQd1RWOW1xWUFGVDVnN0VYeEhqMENtMFFtUkFpeHpQSA%3D%3D%22%7D&query_hash=5aefa9893005572d237da5068082d8d5
2025-01-10 00:48:35,976 - INFO - [None] [200] GET https://www.instagram.com/graphql/query/?variables=%7B%22id%22%3A%2244673213498%22%2C%22include_reel%22%3Atrue%2C%22fetch_mutual%22%3Afalse%2C%22first%22%3A12%2C%22after%22%3A%22QVFES1BWbHNmT2hubHgwZUNDbjhHSVpMcnZ4dm9uRlRMSkptSU4yWVpBcGFrdkc3anRFeHRIZVJXUm9MaFB6MkFlS1RKLVIxVlNwcHBKTGRndjYyVkY5UA%3D%3D%22%7D&query_hash=5aefa9893005572d237da5068082d8d5
2025-01-10 00:48:38,498 - INFO - [None] [200] GET https://www.instagram.com/graphql/query/?variables=%7B%22id%22%3A%2244673213498%22%2C%22include_reel%22%3Atrue%2C%22fetch_mutual%22%3Afalse%2C%22first%22%3A12%2C%22after%22%3A%22QVFBajctUlc3S1lJYzlMeDE1eENQOHlQNi1OUGdESDVEcjAydnQzRVM1a19XZ19uTGNXU1JJMWxfbHhGWnBGYWJ3VVBqZ09nZEFWbjdnRnhHZ1dsTjBObg%3D%3D%22%7D&query_hash=5aefa9893005572d237da5068082d8d5
2025-01-10 00:48:40,917 - INFO - [None] [200] GET https://www.instagram.com/graphql/query/?variables=%7B%22id%22%3A%2244673213498%22%2C%22include_reel%22%3Atrue%2C%22fetch_mutual%22%3Afalse%2C%22first%22%3A12%2C%22after%22%3A%22QVFEdG80M3VsOVIxcDFHZjYyRjltcVhwc1h4Q21QNUJGeFhmMm5ORERDYUVYZXVMR3ZMbE5rTjlWNXhBRmk2czNlbkJ0bmZSdG5saTVBeU1SdTRwazZCNQ%3D%3D%22%7D&query_hash=5aefa9893005572d237da5068082d8d5
2025-01-10 00:48:43,283 - INFO - [None] [200] GET https://www.instagram.com/graphql/query/?variables=%7B%22id%22%3A%2244673213498%22%2C%22include_reel%22%3Atrue%2C%22fetch_mutual%22%3Afalse%2C%22first%22%3A12%2C%22after%22%3A%22QVFCYXdNaV9LcFBmNTRUQ1k5R3JyLTJtaVpyZXgwdjc2UG1Sd3pZMXNwQi1jVEZjUGxmT25hQmhPZ3l4c3JYQTh2N1B1amlJaEtPWEw4TEdtUnFJRDJmeg%3D%3D%22%7D&query_hash=5aefa9893005572d237da5068082d8d5
2025-01-10 00:48:45,640 - INFO - [None] [200] GET https://www.instagram.com/graphql/query/?variables=%7B%22id%22%3A%2244673213498%22%2C%22include_reel%22%3Atrue%2C%22fetch_mutual%22%3Afalse%2C%22first%22%3A12%2C%22after%22%3A%22QVFBbnl3WUNQS19VUmIzakx6T1hoaUNGa0I2M0pSbzY4Rk9DNGtaV0Y5QlVuSVI0dkpJLVZqTEdEeW5WOW53S0xtZ0FhNVp4QU9DWkN0OGptM0gxVzVRcA%3D%3D%22%7D&query_hash=5aefa9893005572d237da5068082d8d5
2025-01-10 00:48:47,977 - INFO - [None] [200] GET https://www.instagram.com/graphql/query/?variables=%7B%22id%22%3A%2244673213498%22%2C%22include_reel%22%3Atrue%2C%22fetch_mutual%22%3Afalse%2C%22first%22%3A12%2C%22after%22%3A%22QVFBN2JwVk94S2lwYVFualBxSThwTEpfN3Rzbl9NRVFUUDhFWUI4TFdfcTNzMEpVWUg5dWQ4MDdOZXJ0RU1pVTBtNURLcTZBS0Ywa0Z0RzZoUzN0bFdsYg%3D%3D%22%7D&query_hash=5aefa9893005572d237da5068082d8d5
2025-01-10 00:48:51,788 - INFO - [None] [200] GET https://www.instagram.com/graphql/query/?variables=%7B%22id%22%3A%2244673213498%22%2C%22include_reel%22%3Atrue%2C%22fetch_mutual%22%3Afalse%2C%22first%22%3A12%2C%22after%22%3A%22QVFBMXhEanFHTFUzVlRWd25SM2UtXzc5R0NwT2l2Slk4Q0FydVp3Rnh1UWRjbDV4QTR0cVBwNGUzcHVONGFwbWhodm5FUnhhUXAzWkNJRXlqY1E4eUZpQQ%3D%3D%22%7D&query_hash=5aefa9893005572d237da5068082d8d5
2025-01-10 00:48:54,129 - INFO - [None] [200] GET https://www.instagram.com/graphql/query/?variables=%7B%22id%22%3A%2244673213498%22%2C%22include_reel%22%3Atrue%2C%22fetch_mutual%22%3Afalse%2C%22first%22%3A12%2C%22after%22%3A%22QVFBbElic2FZT1VXR1VnY054cktKcWY2SlVkcDc4SG9jQTVNNzUzMm9LMXMwbUpGZWhWVlQ5R3VUanJnckE3QlVHbHJNd2dhdFFNTzhHSE1mTmpWZWMxOQ%3D%3D%22%7D&query_hash=5aefa9893005572d237da5068082d8d5
2025-01-10 00:48:56,524 - INFO - [None] [200] GET https://www.instagram.com/graphql/query/?variables=%7B%22id%22%3A%2244673213498%22%2C%22include_reel%22%3Atrue%2C%22fetch_mutual%22%3Afalse%2C%22first%22%3A12%2C%22after%22%3A%22QVFEVVNaQlBUSWxTdG10dFhMOXR4MVpLTU9janVuUXpPS0xIZlJEY3Y3NFRnVVRvamRVclZZd3lCUGVteTdvYS1Dc0FzS055WlpqMWRnbm9fVEdtd3kwUw%3D%3D%22%7D&query_hash=5aefa9893005572d237da5068082d8d5
2025-01-10 00:48:58,868 - INFO - [None] [200] GET https://www.instagram.com/graphql/query/?variables=%7B%22id%22%3A%2244673213498%22%2C%22include_reel%22%3Atrue%2C%22fetch_mutual%22%3Afalse%2C%22first%22%3A12%2C%22after%22%3A%22QVFCcTJMNFpHVHo5Y2N6bHRBVzNZOWJHTjhHaWxlNlZ4N0lKeTNLMDRKVFlGYm9JaTlSbUhOWnZKOTdiRm9udU5BbHZfTDZRVWpYekRUa29tUG5udHB6VA%3D%3D%22%7D&query_hash=5aefa9893005572d237da5068082d8d5
2025-01-10 00:49:01,337 - INFO - [None] [200] GET https://www.instagram.com/graphql/query/?variables=%7B%22id%22%3A%2244673213498%22%2C%22include_reel%22%3Atrue%2C%22fetch_mutual%22%3Afalse%2C%22first%22%3A12%2C%22after%22%3A%22QVFCSGNfYU9wTlFwbEFrZDFtLUgyS0FLbEVTdFhVTDBxQzFRd0NIb0owNjdKMktZb0VpUWNkLUxDeXRwWlVWczJaLVM0bjNEZVdrbWR3UThlbGlVTVFNSQ%3D%3D%22%7D&query_hash=5aefa9893005572d237da5068082d8d5
2025-01-10 00:49:03,664 - INFO - [None] [200] GET https://www.instagram.com/graphql/query/?variables=%7B%22id%22%3A%2244673213498%22%2C%22include_reel%22%3Atrue%2C%22fetch_mutual%22%3Afalse%2C%22first%22%3A12%2C%22after%22%3A%22QVFBT255Y0VTUTFnNjlGakI4YTdTaElEZldNblhJNGkyb1gxWHpGcG5sU0VJRWFUSklKZERuWjRwNElKczZzX0dkSVBEOXdYZ2VsT0w5OUkzSG9lMUE4VA%3D%3D%22%7D&query_hash=5aefa9893005572d237da5068082d8d5
2025-01-10 00:49:06,022 - INFO - [None] [200] GET https://www.instagram.com/graphql/query/?variables=%7B%22id%22%3A%2244673213498%22%2C%22include_reel%22%3Atrue%2C%22fetch_mutual%22%3Afalse%2C%22first%22%3A12%2C%22after%22%3A%22QVFERGROU1dPaXpYZFhPY0RsVWhZQVE4VGF4aFhjS0N2azNTYzE4MWstRjV3UUc2UmdJNVVjZUFIcmxvcFdsVW9Ea3pScUs4Rld5QU5WcGxGblVOcTBweg%3D%3D%22%7D&query_hash=5aefa9893005572d237da5068082d8d5
2025-01-10 00:49:08,402 - INFO - [None] [200] GET https://www.instagram.com/graphql/query/?variables=%7B%22id%22%3A%2244673213498%22%2C%22include_reel%22%3Atrue%2C%22fetch_mutual%22%3Afalse%2C%22first%22%3A12%2C%22after%22%3A%22QVFEZFNBaDBVN2gxcVlGelVJRS1DU3dsUDhPdWEyZHJWbDgyX29aQWtnQ0E2aE1rbjhsTllBMFQzTVJDeEN1QzRSN3pfeFdlT2xCZXU2WVZjU08xdnRMZg%3D%3D%22%7D&query_hash=5aefa9893005572d237da5068082d8d5
2025-01-10 00:49:10,765 - INFO - [None] [200] GET https://www.instagram.com/graphql/query/?variables=%7B%22id%22%3A%2244673213498%22%2C%22include_reel%22%3Atrue%2C%22fetch_mutual%22%3Afalse%2C%22first%22%3A12%2C%22after%22%3A%22QVFDZE4yLVFEWkhqQXJ3bVdHMXNsT3ZteFRJSGhDUW9QVVVfOUo1R3h2U09hZnBsOTdzNmRtUzN4c1hzeXlEVGtqTWdKT0c3enpNc2czTVRBdlAyZmlmMQ%3D%3D%22%7D&query_hash=5aefa9893005572d237da5068082d8d5
2025-01-10 00:49:13,136 - INFO - [None] [200] GET https://www.instagram.com/graphql/query/?variables=%7B%22id%22%3A%2244673213498%22%2C%22include_reel%22%3Atrue%2C%22fetch_mutual%22%3Afalse%2C%22first%22%3A12%2C%22after%22%3A%22QVFBV3hHN2xYUUs0Q2RhWmcxRnZFQjNKZGE5YjFPbkd1M2VfT1JTV1ZQeXY0Qk9KU3hnM21ZdDVjcHlRelhUQzdoZU8wSG80dVg3WnhLMVdfaVlISW1jSg%3D%3D%22%7D&query_hash=5aefa9893005572d237da5068082d8d5
2025-01-10 00:49:15,514 - INFO - [None] [200] GET https://www.instagram.com/graphql/query/?variables=%7B%22id%22%3A%2244673213498%22%2C%22include_reel%22%3Atrue%2C%22fetch_mutual%22%3Afalse%2C%22first%22%3A12%2C%22after%22%3A%22QVFENUVxbzFsalhUelVZd25DZlktbG44SzhJMlBtZXp1ZGoyV2tOdXlCWmN0bVY3S1ZkVjJ5OGQwTk5ZR1NFNW03a3FydkQyS1RXSVlZMWxVWmp4eGxBcA%3D%3D%22%7D&query_hash=5aefa9893005572d237da5068082d8d5
2025-01-10 00:49:17,965 - INFO - [None] [200] GET https://www.instagram.com/graphql/query/?variables=%7B%22id%22%3A%2244673213498%22%2C%22include_reel%22%3Atrue%2C%22fetch_mutual%22%3Afalse%2C%22first%22%3A12%2C%22after%22%3A%22QVFENUxkXzJlQWVQWXBLWUdfdVFHcmIzX011X29ZX3l1TW5SNmN4MjU4aV9Bd3F2dmFTdVJwcVE2WUY2UXlHcXQ4M09uVFV4aXRzSE9RRUVVZGNGYXNDcg%3D%3D%22%7D&query_hash=5aefa9893005572d237da5068082d8d5
2025-01-10 00:49:20,402 - INFO - [None] [200] GET https://www.instagram.com/graphql/query/?variables=%7B%22id%22%3A%2244673213498%22%2C%22include_reel%22%3Atrue%2C%22fetch_mutual%22%3Afalse%2C%22first%22%3A12%2C%22after%22%3A%22QVFEQVU1RldOa0V5VWNMQVJ0bjQ1SkZDZDhtdEdZMU5BRm10ZEhHcjBQZEJnUlU5azVDWnFzQWNybDRkWDVVNzBWSHhvTHFEd2RmOXhMVlI1ZU5RMFg3Rg%3D%3D%22%7D&query_hash=5aefa9893005572d237da5068082d8d5
2025-01-10 00:49:22,863 - INFO - [None] [200] GET https://www.instagram.com/graphql/query/?variables=%7B%22id%22%3A%2244673213498%22%2C%22include_reel%22%3Atrue%2C%22fetch_mutual%22%3Afalse%2C%22first%22%3A12%2C%22after%22%3A%22QVFBTnZjenFRNmtNdjFxR0hXd2FEMzBSQXd4VUM4SVhrSzR5UTJRdmVvN0dEWmNwcWFOclQtTU9FQUxra1hEZF9xemhEVnJLbmpxcnRqMmtFSVNVaE1sUQ%3D%3D%22%7D&query_hash=5aefa9893005572d237da5068082d8d5
2025-01-10 00:49:25,227 - INFO - [None] [200] GET https://www.instagram.com/graphql/query/?variables=%7B%22id%22%3A%2244673213498%22%2C%22include_reel%22%3Atrue%2C%22fetch_mutual%22%3Afalse%2C%22first%22%3A12%2C%22after%22%3A%22QVFCRGtSWGhmZnpKM0tSajhLZ1cxNGdlRkxqSE82S2cyLVo1S01WM2p3cC1iNEVjVHh3azV5Wkh4Qm14Sjd5VlhKUy1TWHpGTnVQeC1oZXh3c0ZkOTNHeg%3D%3D%22%7D&query_hash=5aefa9893005572d237da5068082d8d5
2025-01-10 00:49:27,574 - INFO - [None] [200] GET https://www.instagram.com/graphql/query/?variables=%7B%22id%22%3A%2244673213498%22%2C%22include_reel%22%3Atrue%2C%22fetch_mutual%22%3Afalse%2C%22first%22%3A12%2C%22after%22%3A%22QVFCa0VBN3JPcXpodmpqQjF3Wnl2N2twNlV4dDhFZ0tpS3R1RFlOODRObjZiaDhEbWZEdm51RnBEX2FScXZhRGwxQk1idGhPaVgyeVloNUlCdlBLYVRPMQ%3D%3D%22%7D&query_hash=5aefa9893005572d237da5068082d8d5
2025-01-10 00:49:30,019 - INFO - [None] [200] GET https://www.instagram.com/graphql/query/?variables=%7B%22id%22%3A%2244673213498%22%2C%22include_reel%22%3Atrue%2C%22fetch_mutual%22%3Afalse%2C%22first%22%3A12%2C%22after%22%3A%22QVFBamY5NjF1dWFMdldKZTB5OF9fOFM5M0g4THdwZnQ4cWVyaG1YNVlSRjhUVlpHLXh6ejJXbTBiODVxRU0xM3FCUlJkeU5GbXJVOEtoZjA3a255MElfMA%3D%3D%22%7D&query_hash=5aefa9893005572d237da5068082d8d5
2025-01-10 00:49:32,372 - INFO - [None] [200] GET https://www.instagram.com/graphql/query/?variables=%7B%22id%22%3A%2244673213498%22%2C%22include_reel%22%3Atrue%2C%22fetch_mutual%22%3Afalse%2C%22first%22%3A12%2C%22after%22%3A%22QVFDeWZtMDJfN19zSl9hQWZhUG4zcnZvYnktQ0UwTXNaMl9ZeUgyU1I0NENaSmNtZjdnVmU2blY5LXdXZkU1Q2l2cFJvRV81cjdIbzRLT0lVZ2p0SElxMg%3D%3D%22%7D&query_hash=5aefa9893005572d237da5068082d8d5
2025-01-10 00:49:34,773 - INFO - [None] [200] GET https://www.instagram.com/graphql/query/?variables=%7B%22id%22%3A%2244673213498%22%2C%22include_reel%22%3Atrue%2C%22fetch_mutual%22%3Afalse%2C%22first%22%3A12%2C%22after%22%3A%22QVFDLTF2bjQ4MW9rclczTFowWFlrZjFPaGJmRExGVHB2TnBfcEFPUWhOZXdoNllDbjRjbFc2THYta3JHZ0VaOC03dzZZTXJLZkF6RVdLX0RhOEEzQUVjSQ%3D%3D%22%7D&query_hash=5aefa9893005572d237da5068082d8d5
2025-01-10 00:49:37,126 - INFO - [None] [200] GET https://www.instagram.com/graphql/query/?variables=%7B%22id%22%3A%2244673213498%22%2C%22include_reel%22%3Atrue%2C%22fetch_mutual%22%3Afalse%2C%22first%22%3A12%2C%22after%22%3A%22QVFCZFJvZ0I1TmhzZzMtMXpURmJzUkJtMkMxU1Y1aUpOQnFka2R1eWdQWlprYmkzZkg3N2xzcmhVZ252OGpfNXFiU2hKQXVfRFpRbndqTVEwcjFUeEFFbA%3D%3D%22%7D&query_hash=5aefa9893005572d237da5068082d8d5
2025-01-10 00:49:37,126 - INFO - Followers fetched. Count: 641
2025-01-10 00:49:38,130 - INFO - https://i.instagram.com/api/v1/friendships/44673213498/following/
2025-01-10 00:49:39,589 - INFO - tanishhky [200] GET https://i.instagram.com/api/v1/friendships/44673213498/following/?max_id=&count=200&rank_token=44673213498_78945b79-8759-48fe-93fa-c997ad1dfdd7&search_surface=follow_list_page&query=&enable_groups=true (269.0.0.18.75, OnePlus 6T Dev)
2025-01-10 00:49:40,611 - INFO - https://i.instagram.com/api/v1/friendships/44673213498/following/
2025-01-10 00:49:41,200 - INFO - tanishhky [200] GET https://i.instagram.com/api/v1/friendships/44673213498/following/?max_id=200&count=200&rank_token=44673213498_78945b79-8759-48fe-93fa-c997ad1dfdd7&search_surface=follow_list_page&query=&enable_groups=true (269.0.0.18.75, OnePlus 6T Dev)
2025-01-10 00:49:42,206 - INFO - https://i.instagram.com/api/v1/friendships/44673213498/following/
2025-01-10 00:49:43,211 - INFO - tanishhky [200] GET https://i.instagram.com/api/v1/friendships/44673213498/following/?max_id=400&count=200&rank_token=44673213498_78945b79-8759-48fe-93fa-c997ad1dfdd7&search_surface=follow_list_page&query=&enable_groups=true (269.0.0.18.75, OnePlus 6T Dev)
2025-01-10 00:49:44,224 - INFO - https://i.instagram.com/api/v1/friendships/44673213498/following/
2025-01-10 00:49:44,847 - INFO - tanishhky [200] GET https://i.instagram.com/api/v1/friendships/44673213498/following/?max_id=600&count=200&rank_token=44673213498_78945b79-8759-48fe-93fa-c997ad1dfdd7&search_surface=follow_list_page&query=&enable_groups=true (269.0.0.18.75, OnePlus 6T Dev)
2025-01-10 00:49:44,850 - INFO - Following fetched. Count: 632
2025-01-10 00:49:44,850 - INFO - Non-followers count: 65
2025-01-10 00:49:46,294 - INFO - [None] [200] GET https://www.instagram.com/graphql/query/?variables=%7B%22user_id%22%3A%228676533865%22%2C%22include_reel%22%3Atrue%7D&query_hash=ad99dd9d3646cc3c0dda65debcd266a7
2025-01-10 00:49:48,609 - INFO - [None] [201] GET https://www.instagram.com/srmuap/?__a=1&__d=dis
2025-01-10 00:49:48,610 - ERROR - Status 201: JSONDecodeError in public_request (url=https://www.instagram.com/srmuap/?__a=1&__d=dis) >>> 
2025-01-10 00:49:51,907 - INFO - [None] [201] GET https://www.instagram.com/srmuap/?__a=1&__d=dis
2025-01-10 00:49:51,907 - ERROR - Status 201: JSONDecodeError in public_request (url=https://www.instagram.com/srmuap/?__a=1&__d=dis) >>> 
2025-01-10 00:49:55,233 - INFO - [None] [201] GET https://www.instagram.com/srmuap/?__a=1&__d=dis
2025-01-10 00:49:55,234 - ERROR - Status 201: JSONDecodeError in public_request (url=https://www.instagram.com/srmuap/?__a=1&__d=dis) >>> 
2025-01-10 00:49:56,240 - INFO - https://i.instagram.com/api/v1/users/8676533865/info/
2025-01-10 00:49:56,942 - INFO - tanishhky [200] GET https://i.instagram.com/api/v1/users/8676533865/info/ (269.0.0.18.75, OnePlus 6T Dev)
2025-01-10 00:49:58,250 - INFO - [None] [200] GET https://www.instagram.com/graphql/query/?variables=%7B%22user_id%22%3A%2245537566102%22%2C%22include_reel%22%3Atrue%7D&query_hash=ad99dd9d3646cc3c0dda65debcd266a7
2025-01-10 00:50:00,625 - INFO - [None] [201] GET https://www.instagram.com/vivekgramaswamy/?__a=1&__d=dis
2025-01-10 00:50:00,626 - ERROR - Status 201: JSONDecodeError in public_request (url=https://www.instagram.com/vivekgramaswamy/?__a=1&__d=dis) >>> 
2025-01-10 00:50:03,933 - INFO - [None] [201] GET https://www.instagram.com/vivekgramaswamy/?__a=1&__d=dis
2025-01-10 00:50:03,934 - ERROR - Status 201: JSONDecodeError in public_request (url=https://www.instagram.com/vivekgramaswamy/?__a=1&__d=dis) >>> 
2025-01-10 00:50:07,247 - INFO - [None] [201] GET https://www.instagram.com/vivekgramaswamy/?__a=1&__d=dis
2025-01-10 00:50:07,247 - ERROR - Status 201: JSONDecodeError in public_request (url=https://www.instagram.com/vivekgramaswamy/?__a=1&__d=dis) >>> 
2025-01-10 00:50:08,253 - INFO - https://i.instagram.com/api/v1/users/45537566102/info/
2025-01-10 00:50:08,881 - INFO - tanishhky [200] GET https://i.instagram.com/api/v1/users/45537566102/info/ (269.0.0.18.75, OnePlus 6T Dev)
2025-01-10 00:50:10,189 - INFO - [None] [200] GET https://www.instagram.com/graphql/query/?variables=%7B%22user_id%22%3A%2235363475868%22%2C%22include_reel%22%3Atrue%7D&query_hash=ad99dd9d3646cc3c0dda65debcd266a7
2025-01-10 00:50:12,483 - INFO - [None] [201] GET https://www.instagram.com/hrishhita/?__a=1&__d=dis
2025-01-10 00:50:12,483 - ERROR - Status 201: JSONDecodeError in public_request (url=https://www.instagram.com/hrishhita/?__a=1&__d=dis) >>> 
2025-01-10 00:50:15,792 - INFO - [None] [201] GET https://www.instagram.com/hrishhita/?__a=1&__d=dis
2025-01-10 00:50:15,792 - ERROR - Status 201: JSONDecodeError in public_request (url=https://www.instagram.com/hrishhita/?__a=1&__d=dis) >>> 
2025-01-10 00:50:19,115 - INFO - [None] [201] GET https://www.instagram.com/hrishhita/?__a=1&__d=dis
2025-01-10 00:50:19,116 - ERROR - Status 201: JSONDecodeError in public_request (url=https://www.instagram.com/hrishhita/?__a=1&__d=dis) >>> 
2025-01-10 00:50:20,116 - INFO - https://i.instagram.com/api/v1/users/35363475868/info/
2025-01-10 00:50:20,743 - INFO - tanishhky [200] GET https://i.instagram.com/api/v1/users/35363475868/info/ (269.0.0.18.75, OnePlus 6T Dev)
2025-01-10 00:50:22,231 - INFO - [None] [200] GET https://www.instagram.com/graphql/query/?variables=%7B%22user_id%22%3A%2255545687504%22%2C%22include_reel%22%3Atrue%7D&query_hash=ad99dd9d3646cc3c0dda65debcd266a7
2025-01-10 00:50:24,546 - INFO - [None] [201] GET https://www.instagram.com/giftingserenity20/?__a=1&__d=dis
2025-01-10 00:50:24,547 - ERROR - Status 201: JSONDecodeError in public_request (url=https://www.instagram.com/giftingserenity20/?__a=1&__d=dis) >>> 
2025-01-10 00:50:27,848 - INFO - [None] [201] GET https://www.instagram.com/giftingserenity20/?__a=1&__d=dis
2025-01-10 00:50:27,848 - ERROR - Status 201: JSONDecodeError in public_request (url=https://www.instagram.com/giftingserenity20/?__a=1&__d=dis) >>> 
2025-01-10 00:50:31,169 - INFO - [None] [201] GET https://www.instagram.com/giftingserenity20/?__a=1&__d=dis
2025-01-10 00:50:31,171 - ERROR - Status 201: JSONDecodeError in public_request (url=https://www.instagram.com/giftingserenity20/?__a=1&__d=dis) >>> 
2025-01-10 00:50:32,176 - INFO - https://i.instagram.com/api/v1/users/55545687504/info/
2025-01-10 00:50:33,140 - INFO - tanishhky [200] GET https://i.instagram.com/api/v1/users/55545687504/info/ (269.0.0.18.75, OnePlus 6T Dev)
2025-01-10 00:50:34,518 - INFO - [None] [200] GET https://www.instagram.com/graphql/query/?variables=%7B%22user_id%22%3A%228040397025%22%2C%22include_reel%22%3Atrue%7D&query_hash=ad99dd9d3646cc3c0dda65debcd266a7
2025-01-10 00:50:36,821 - INFO - [None] [201] GET https://www.instagram.com/himanshu_solanki69/?__a=1&__d=dis
2025-01-10 00:50:36,822 - ERROR - Status 201: JSONDecodeError in public_request (url=https://www.instagram.com/himanshu_solanki69/?__a=1&__d=dis) >>> 
2025-01-10 00:50:40,115 - INFO - [None] [201] GET https://www.instagram.com/himanshu_solanki69/?__a=1&__d=dis
2025-01-10 00:50:40,115 - ERROR - Status 201: JSONDecodeError in public_request (url=https://www.instagram.com/himanshu_solanki69/?__a=1&__d=dis) >>> 
2025-01-10 00:50:43,418 - INFO - [None] [201] GET https://www.instagram.com/himanshu_solanki69/?__a=1&__d=dis
2025-01-10 00:50:43,419 - ERROR - Status 201: JSONDecodeError in public_request (url=https://www.instagram.com/himanshu_solanki69/?__a=1&__d=dis) >>> 
2025-01-10 00:50:44,421 - INFO - https://i.instagram.com/api/v1/users/8040397025/info/
2025-01-10 00:50:44,961 - INFO - tanishhky [200] GET https://i.instagram.com/api/v1/users/8040397025/info/ (269.0.0.18.75, OnePlus 6T Dev)
2025-01-10 00:50:46,362 - INFO - [None] [200] GET https://www.instagram.com/graphql/query/?variables=%7B%22user_id%22%3A%2247683943929%22%2C%22include_reel%22%3Atrue%7D&query_hash=ad99dd9d3646cc3c0dda65debcd266a7
2025-01-10 00:50:48,671 - INFO - [None] [201] GET https://www.instagram.com/unscripted.unsaid/?__a=1&__d=dis
2025-01-10 00:50:48,671 - ERROR - Status 201: JSONDecodeError in public_request (url=https://www.instagram.com/unscripted.unsaid/?__a=1&__d=dis) >>> 
2025-01-10 00:50:51,982 - INFO - [None] [201] GET https://www.instagram.com/unscripted.unsaid/?__a=1&__d=dis
2025-01-10 00:50:51,982 - ERROR - Status 201: JSONDecodeError in public_request (url=https://www.instagram.com/unscripted.unsaid/?__a=1&__d=dis) >>> 
2025-01-10 00:50:55,272 - INFO - [None] [201] GET https://www.instagram.com/unscripted.unsaid/?__a=1&__d=dis
2025-01-10 00:50:55,272 - ERROR - Status 201: JSONDecodeError in public_request (url=https://www.instagram.com/unscripted.unsaid/?__a=1&__d=dis) >>> 
2025-01-10 00:50:56,277 - INFO - https://i.instagram.com/api/v1/users/47683943929/info/
2025-01-10 00:50:56,988 - INFO - tanishhky [200] GET https://i.instagram.com/api/v1/users/47683943929/info/ (269.0.0.18.75, OnePlus 6T Dev)
2025-01-10 00:50:58,325 - INFO - [None] [200] GET https://www.instagram.com/graphql/query/?variables=%7B%22user_id%22%3A%2266248182114%22%2C%22include_reel%22%3Atrue%7D&query_hash=ad99dd9d3646cc3c0dda65debcd266a7
2025-01-10 00:51:00,663 - INFO - [None] [201] GET https://www.instagram.com/timechennai/?__a=1&__d=dis
2025-01-10 00:51:00,663 - ERROR - Status 201: JSONDecodeError in public_request (url=https://www.instagram.com/timechennai/?__a=1&__d=dis) >>> 
2025-01-10 00:51:03,969 - INFO - [None] [201] GET https://www.instagram.com/timechennai/?__a=1&__d=dis
2025-01-10 00:51:03,969 - ERROR - Status 201: JSONDecodeError in public_request (url=https://www.instagram.com/timechennai/?__a=1&__d=dis) >>> 
2025-01-10 00:51:07,388 - INFO - [None] [201] GET https://www.instagram.com/timechennai/?__a=1&__d=dis
2025-01-10 00:51:07,388 - ERROR - Status 201: JSONDecodeError in public_request (url=https://www.instagram.com/timechennai/?__a=1&__d=dis) >>> 
2025-01-10 00:51:08,390 - INFO - https://i.instagram.com/api/v1/users/66248182114/info/
2025-01-10 00:51:08,913 - INFO - tanishhky [200] GET https://i.instagram.com/api/v1/users/66248182114/info/ (269.0.0.18.75, OnePlus 6T Dev)
2025-01-10 00:51:10,245 - INFO - [None] [200] GET https://www.instagram.com/graphql/query/?variables=%7B%22user_id%22%3A%22491202379%22%2C%22include_reel%22%3Atrue%7D&query_hash=ad99dd9d3646cc3c0dda65debcd266a7
2025-01-10 00:51:12,534 - INFO - [None] [201] GET https://www.instagram.com/alicasmd/?__a=1&__d=dis
2025-01-10 00:51:12,534 - ERROR - Status 201: JSONDecodeError in public_request (url=https://www.instagram.com/alicasmd/?__a=1&__d=dis) >>> 
2025-01-10 00:51:15,833 - INFO - [None] [201] GET https://www.instagram.com/alicasmd/?__a=1&__d=dis
2025-01-10 00:51:15,833 - ERROR - Status 201: JSONDecodeError in public_request (url=https://www.instagram.com/alicasmd/?__a=1&__d=dis) >>> 
2025-01-10 00:51:19,121 - INFO - [None] [201] GET https://www.instagram.com/alicasmd/?__a=1&__d=dis
2025-01-10 00:51:19,122 - ERROR - Status 201: JSONDecodeError in public_request (url=https://www.instagram.com/alicasmd/?__a=1&__d=dis) >>> 
2025-01-10 00:51:20,128 - INFO - https://i.instagram.com/api/v1/users/491202379/info/
2025-01-10 00:51:20,716 - INFO - tanishhky [200] GET https://i.instagram.com/api/v1/users/491202379/info/ (269.0.0.18.75, OnePlus 6T Dev)
2025-01-10 00:51:22,032 - INFO - [None] [200] GET https://www.instagram.com/graphql/query/?variables=%7B%22user_id%22%3A%2237001247154%22%2C%22include_reel%22%3Atrue%7D&query_hash=ad99dd9d3646cc3c0dda65debcd266a7
2025-01-10 00:51:24,320 - INFO - [None] [201] GET https://www.instagram.com/mar_antaya/?__a=1&__d=dis
2025-01-10 00:51:24,320 - ERROR - Status 201: JSONDecodeError in public_request (url=https://www.instagram.com/mar_antaya/?__a=1&__d=dis) >>> 
2025-01-10 00:51:27,610 - INFO - [None] [201] GET https://www.instagram.com/mar_antaya/?__a=1&__d=dis
2025-01-10 00:51:27,610 - ERROR - Status 201: JSONDecodeError in public_request (url=https://www.instagram.com/mar_antaya/?__a=1&__d=dis) >>> 
2025-01-10 00:51:30,928 - INFO - [None] [201] GET https://www.instagram.com/mar_antaya/?__a=1&__d=dis
2025-01-10 00:51:30,928 - ERROR - Status 201: JSONDecodeError in public_request (url=https://www.instagram.com/mar_antaya/?__a=1&__d=dis) >>> 
2025-01-10 00:51:31,934 - INFO - https://i.instagram.com/api/v1/users/37001247154/info/
2025-01-10 00:51:32,580 - INFO - tanishhky [200] GET https://i.instagram.com/api/v1/users/37001247154/info/ (269.0.0.18.75, OnePlus 6T Dev)
2025-01-10 00:51:33,905 - INFO - [None] [200] GET https://www.instagram.com/graphql/query/?variables=%7B%22user_id%22%3A%225753158066%22%2C%22include_reel%22%3Atrue%7D&query_hash=ad99dd9d3646cc3c0dda65debcd266a7
2025-01-10 00:51:36,407 - INFO - [None] [201] GET https://www.instagram.com/guviofficial/?__a=1&__d=dis
2025-01-10 00:51:36,407 - ERROR - Status 201: JSONDecodeError in public_request (url=https://www.instagram.com/guviofficial/?__a=1&__d=dis) >>> 
2025-01-10 00:51:39,701 - INFO - [None] [201] GET https://www.instagram.com/guviofficial/?__a=1&__d=dis
2025-01-10 00:51:39,701 - ERROR - Status 201: JSONDecodeError in public_request (url=https://www.instagram.com/guviofficial/?__a=1&__d=dis) >>> 
2025-01-10 00:51:43,052 - INFO - [None] [201] GET https://www.instagram.com/guviofficial/?__a=1&__d=dis
2025-01-10 00:51:43,053 - ERROR - Status 201: JSONDecodeError in public_request (url=https://www.instagram.com/guviofficial/?__a=1&__d=dis) >>> 
2025-01-10 00:51:44,057 - INFO - https://i.instagram.com/api/v1/users/5753158066/info/
2025-01-10 00:51:44,686 - INFO - tanishhky [200] GET https://i.instagram.com/api/v1/users/5753158066/info/ (269.0.0.18.75, OnePlus 6T Dev)
2025-01-10 00:51:48,038 - INFO - [None] [200] GET https://www.instagram.com/graphql/query/?variables=%7B%22user_id%22%3A%2258450552973%22%2C%22include_reel%22%3Atrue%7D&query_hash=ad99dd9d3646cc3c0dda65debcd266a7
2025-01-10 00:51:50,362 - INFO - [None] [201] GET https://www.instagram.com/mr.onlywords/?__a=1&__d=dis
2025-01-10 00:51:50,362 - ERROR - Status 201: JSONDecodeError in public_request (url=https://www.instagram.com/mr.onlywords/?__a=1&__d=dis) >>> 
2025-01-10 00:51:53,674 - INFO - [None] [201] GET https://www.instagram.com/mr.onlywords/?__a=1&__d=dis
2025-01-10 00:51:53,674 - ERROR - Status 201: JSONDecodeError in public_request (url=https://www.instagram.com/mr.onlywords/?__a=1&__d=dis) >>> 
2025-01-10 00:51:56,992 - INFO - [None] [201] GET https://www.instagram.com/mr.onlywords/?__a=1&__d=dis
2025-01-10 00:51:56,992 - ERROR - Status 201: JSONDecodeError in public_request (url=https://www.instagram.com/mr.onlywords/?__a=1&__d=dis) >>> 
2025-01-10 00:51:57,995 - INFO - https://i.instagram.com/api/v1/users/58450552973/info/
2025-01-10 00:51:58,612 - INFO - tanishhky [200] GET https://i.instagram.com/api/v1/users/58450552973/info/ (269.0.0.18.75, OnePlus 6T Dev)
2025-01-10 00:51:59,953 - INFO - [None] [200] GET https://www.instagram.com/graphql/query/?variables=%7B%22user_id%22%3A%2213240636420%22%2C%22include_reel%22%3Atrue%7D&query_hash=ad99dd9d3646cc3c0dda65debcd266a7
2025-01-10 00:52:02,264 - INFO - [None] [201] GET https://www.instagram.com/tesso_je/?__a=1&__d=dis
2025-01-10 00:52:02,264 - ERROR - Status 201: JSONDecodeError in public_request (url=https://www.instagram.com/tesso_je/?__a=1&__d=dis) >>> 
2025-01-10 00:52:05,612 - INFO - [None] [201] GET https://www.instagram.com/tesso_je/?__a=1&__d=dis
2025-01-10 00:52:05,613 - ERROR - Status 201: JSONDecodeError in public_request (url=https://www.instagram.com/tesso_je/?__a=1&__d=dis) >>> 
2025-01-10 00:52:09,032 - INFO - [None] [201] GET https://www.instagram.com/tesso_je/?__a=1&__d=dis
2025-01-10 00:52:09,032 - ERROR - Status 201: JSONDecodeError in public_request (url=https://www.instagram.com/tesso_je/?__a=1&__d=dis) >>> 
2025-01-10 00:52:10,037 - INFO - https://i.instagram.com/api/v1/users/13240636420/info/
2025-01-10 00:52:10,638 - INFO - tanishhky [200] GET https://i.instagram.com/api/v1/users/13240636420/info/ (269.0.0.18.75, OnePlus 6T Dev)
2025-01-10 00:52:11,969 - INFO - [None] [200] GET https://www.instagram.com/graphql/query/?variables=%7B%22user_id%22%3A%2250176028180%22%2C%22include_reel%22%3Atrue%7D&query_hash=ad99dd9d3646cc3c0dda65debcd266a7
2025-01-10 00:52:14,269 - INFO - [None] [201] GET https://www.instagram.com/yatri.xp/?__a=1&__d=dis
2025-01-10 00:52:14,269 - ERROR - Status 201: JSONDecodeError in public_request (url=https://www.instagram.com/yatri.xp/?__a=1&__d=dis) >>> 
2025-01-10 00:52:17,568 - INFO - [None] [201] GET https://www.instagram.com/yatri.xp/?__a=1&__d=dis
2025-01-10 00:52:17,568 - ERROR - Status 201: JSONDecodeError in public_request (url=https://www.instagram.com/yatri.xp/?__a=1&__d=dis) >>> 
2025-01-10 00:52:20,856 - INFO - [None] [201] GET https://www.instagram.com/yatri.xp/?__a=1&__d=dis
2025-01-10 00:52:20,856 - ERROR - Status 201: JSONDecodeError in public_request (url=https://www.instagram.com/yatri.xp/?__a=1&__d=dis) >>> 
2025-01-10 00:52:21,861 - INFO - https://i.instagram.com/api/v1/users/50176028180/info/
2025-01-10 00:52:22,698 - INFO - tanishhky [200] GET https://i.instagram.com/api/v1/users/50176028180/info/ (269.0.0.18.75, OnePlus 6T Dev)
2025-01-10 00:52:24,007 - INFO - [None] [200] GET https://www.instagram.com/graphql/query/?variables=%7B%22user_id%22%3A%2221600608019%22%2C%22include_reel%22%3Atrue%7D&query_hash=ad99dd9d3646cc3c0dda65debcd266a7
2025-01-10 00:52:26,397 - INFO - [None] [201] GET https://www.instagram.com/rohan__indora/?__a=1&__d=dis
2025-01-10 00:52:26,397 - ERROR - Status 201: JSONDecodeError in public_request (url=https://www.instagram.com/rohan__indora/?__a=1&__d=dis) >>> 
2025-01-10 00:52:29,702 - INFO - [None] [201] GET https://www.instagram.com/rohan__indora/?__a=1&__d=dis
2025-01-10 00:52:29,703 - ERROR - Status 201: JSONDecodeError in public_request (url=https://www.instagram.com/rohan__indora/?__a=1&__d=dis) >>> 
2025-01-10 00:52:33,012 - INFO - [None] [201] GET https://www.instagram.com/rohan__indora/?__a=1&__d=dis
2025-01-10 00:52:33,013 - ERROR - Status 201: JSONDecodeError in public_request (url=https://www.instagram.com/rohan__indora/?__a=1&__d=dis) >>> 
2025-01-10 00:52:34,016 - INFO - https://i.instagram.com/api/v1/users/21600608019/info/
2025-01-10 00:52:34,650 - INFO - tanishhky [200] GET https://i.instagram.com/api/v1/users/21600608019/info/ (269.0.0.18.75, OnePlus 6T Dev)
2025-01-10 00:52:35,958 - INFO - [None] [200] GET https://www.instagram.com/graphql/query/?variables=%7B%22user_id%22%3A%2265866234893%22%2C%22include_reel%22%3Atrue%7D&query_hash=ad99dd9d3646cc3c0dda65debcd266a7
2025-01-10 00:52:38,280 - INFO - [None] [201] GET https://www.instagram.com/orry.a.a.a.a.a.a.a.a.a.a.a.a.a/?__a=1&__d=dis
2025-01-10 00:52:38,281 - ERROR - Status 201: JSONDecodeError in public_request (url=https://www.instagram.com/orry.a.a.a.a.a.a.a.a.a.a.a.a.a/?__a=1&__d=dis) >>> 
2025-01-10 00:52:41,575 - INFO - [None] [201] GET https://www.instagram.com/orry.a.a.a.a.a.a.a.a.a.a.a.a.a/?__a=1&__d=dis
2025-01-10 00:52:41,576 - ERROR - Status 201: JSONDecodeError in public_request (url=https://www.instagram.com/orry.a.a.a.a.a.a.a.a.a.a.a.a.a/?__a=1&__d=dis) >>> 
2025-01-10 00:52:44,976 - INFO - [None] [201] GET https://www.instagram.com/orry.a.a.a.a.a.a.a.a.a.a.a.a.a/?__a=1&__d=dis
2025-01-10 00:52:44,976 - ERROR - Status 201: JSONDecodeError in public_request (url=https://www.instagram.com/orry.a.a.a.a.a.a.a.a.a.a.a.a.a/?__a=1&__d=dis) >>> 
2025-01-10 00:52:45,979 - INFO - https://i.instagram.com/api/v1/users/65866234893/info/
2025-01-10 00:52:46,508 - INFO - tanishhky [200] GET https://i.instagram.com/api/v1/users/65866234893/info/ (269.0.0.18.75, OnePlus 6T Dev)
2025-01-10 00:52:47,878 - INFO - [None] [200] GET https://www.instagram.com/graphql/query/?variables=%7B%22user_id%22%3A%221425483600%22%2C%22include_reel%22%3Atrue%7D&query_hash=ad99dd9d3646cc3c0dda65debcd266a7
2025-01-10 00:52:50,219 - INFO - [None] [201] GET https://www.instagram.com/thomas_d_c/?__a=1&__d=dis
2025-01-10 00:52:50,220 - ERROR - Status 201: JSONDecodeError in public_request (url=https://www.instagram.com/thomas_d_c/?__a=1&__d=dis) >>> 
2025-01-10 00:52:53,549 - INFO - [None] [201] GET https://www.instagram.com/thomas_d_c/?__a=1&__d=dis
2025-01-10 00:52:53,550 - ERROR - Status 201: JSONDecodeError in public_request (url=https://www.instagram.com/thomas_d_c/?__a=1&__d=dis) >>> 
2025-01-10 00:52:56,840 - INFO - [None] [201] GET https://www.instagram.com/thomas_d_c/?__a=1&__d=dis
2025-01-10 00:52:56,841 - ERROR - Status 201: JSONDecodeError in public_request (url=https://www.instagram.com/thomas_d_c/?__a=1&__d=dis) >>> 
2025-01-10 00:52:57,846 - INFO - https://i.instagram.com/api/v1/users/1425483600/info/
2025-01-10 00:52:58,596 - INFO - tanishhky [200] GET https://i.instagram.com/api/v1/users/1425483600/info/ (269.0.0.18.75, OnePlus 6T Dev)
2025-01-10 00:52:59,909 - INFO - [None] [200] GET https://www.instagram.com/graphql/query/?variables=%7B%22user_id%22%3A%2253157947833%22%2C%22include_reel%22%3Atrue%7D&query_hash=ad99dd9d3646cc3c0dda65debcd266a7
2025-01-10 00:53:02,265 - INFO - [None] [201] GET https://www.instagram.com/innergy_app/?__a=1&__d=dis
2025-01-10 00:53:02,265 - ERROR - Status 201: JSONDecodeError in public_request (url=https://www.instagram.com/innergy_app/?__a=1&__d=dis) >>> 
2025-01-10 00:53:05,677 - INFO - [None] [201] GET https://www.instagram.com/innergy_app/?__a=1&__d=dis
2025-01-10 00:53:05,678 - ERROR - Status 201: JSONDecodeError in public_request (url=https://www.instagram.com/innergy_app/?__a=1&__d=dis) >>> 
2025-01-10 00:53:09,036 - INFO - [None] [201] GET https://www.instagram.com/innergy_app/?__a=1&__d=dis
2025-01-10 00:53:09,037 - ERROR - Status 201: JSONDecodeError in public_request (url=https://www.instagram.com/innergy_app/?__a=1&__d=dis) >>> 
2025-01-10 00:53:10,042 - INFO - https://i.instagram.com/api/v1/users/53157947833/info/
2025-01-10 00:53:10,783 - INFO - tanishhky [200] GET https://i.instagram.com/api/v1/users/53157947833/info/ (269.0.0.18.75, OnePlus 6T Dev)
2025-01-10 00:53:12,119 - INFO - [None] [200] GET https://www.instagram.com/graphql/query/?variables=%7B%22user_id%22%3A%222728174521%22%2C%22include_reel%22%3Atrue%7D&query_hash=ad99dd9d3646cc3c0dda65debcd266a7
2025-01-10 00:53:14,431 - INFO - [None] [201] GET https://www.instagram.com/yashhmanchanda/?__a=1&__d=dis
2025-01-10 00:53:14,431 - ERROR - Status 201: JSONDecodeError in public_request (url=https://www.instagram.com/yashhmanchanda/?__a=1&__d=dis) >>> 
2025-01-10 00:53:17,736 - INFO - [None] [201] GET https://www.instagram.com/yashhmanchanda/?__a=1&__d=dis
2025-01-10 00:53:17,736 - ERROR - Status 201: JSONDecodeError in public_request (url=https://www.instagram.com/yashhmanchanda/?__a=1&__d=dis) >>> 
2025-01-10 00:53:21,053 - INFO - [None] [201] GET https://www.instagram.com/yashhmanchanda/?__a=1&__d=dis
2025-01-10 00:53:21,053 - ERROR - Status 201: JSONDecodeError in public_request (url=https://www.instagram.com/yashhmanchanda/?__a=1&__d=dis) >>> 
2025-01-10 00:53:22,058 - INFO - https://i.instagram.com/api/v1/users/2728174521/info/
2025-01-10 00:53:22,703 - INFO - tanishhky [200] GET https://i.instagram.com/api/v1/users/2728174521/info/ (269.0.0.18.75, OnePlus 6T Dev)
2025-01-10 00:53:24,036 - INFO - [None] [200] GET https://www.instagram.com/graphql/query/?variables=%7B%22user_id%22%3A%226882826228%22%2C%22include_reel%22%3Atrue%7D&query_hash=ad99dd9d3646cc3c0dda65debcd266a7
2025-01-10 00:53:26,331 - INFO - [None] [201] GET https://www.instagram.com/kunalsingh.18/?__a=1&__d=dis
2025-01-10 00:53:26,331 - ERROR - Status 201: JSONDecodeError in public_request (url=https://www.instagram.com/kunalsingh.18/?__a=1&__d=dis) >>> 
2025-01-10 00:53:29,725 - INFO - [None] [201] GET https://www.instagram.com/kunalsingh.18/?__a=1&__d=dis
2025-01-10 00:53:29,726 - ERROR - Status 201: JSONDecodeError in public_request (url=https://www.instagram.com/kunalsingh.18/?__a=1&__d=dis) >>> 
2025-01-10 00:53:33,020 - INFO - [None] [201] GET https://www.instagram.com/kunalsingh.18/?__a=1&__d=dis
2025-01-10 00:53:33,020 - ERROR - Status 201: JSONDecodeError in public_request (url=https://www.instagram.com/kunalsingh.18/?__a=1&__d=dis) >>> 
2025-01-10 00:53:34,025 - INFO - https://i.instagram.com/api/v1/users/6882826228/info/
2025-01-10 00:53:35,026 - INFO - tanishhky [200] GET https://i.instagram.com/api/v1/users/6882826228/info/ (269.0.0.18.75, OnePlus 6T Dev)
2025-01-10 00:53:36,354 - INFO - [None] [200] GET https://www.instagram.com/graphql/query/?variables=%7B%22user_id%22%3A%2253214937837%22%2C%22include_reel%22%3Atrue%7D&query_hash=ad99dd9d3646cc3c0dda65debcd266a7
2025-01-10 00:53:38,655 - INFO - [None] [201] GET https://www.instagram.com/srihan_kumar_photography/?__a=1&__d=dis
2025-01-10 00:53:38,656 - ERROR - Status 201: JSONDecodeError in public_request (url=https://www.instagram.com/srihan_kumar_photography/?__a=1&__d=dis) >>> 
2025-01-10 00:53:42,008 - INFO - [None] [201] GET https://www.instagram.com/srihan_kumar_photography/?__a=1&__d=dis
2025-01-10 00:53:42,008 - ERROR - Status 201: JSONDecodeError in public_request (url=https://www.instagram.com/srihan_kumar_photography/?__a=1&__d=dis) >>> 
2025-01-10 00:53:45,331 - INFO - [None] [201] GET https://www.instagram.com/srihan_kumar_photography/?__a=1&__d=dis
2025-01-10 00:53:45,332 - ERROR - Status 201: JSONDecodeError in public_request (url=https://www.instagram.com/srihan_kumar_photography/?__a=1&__d=dis) >>> 
2025-01-10 00:53:46,337 - INFO - https://i.instagram.com/api/v1/users/53214937837/info/
2025-01-10 00:53:47,012 - INFO - tanishhky [200] GET https://i.instagram.com/api/v1/users/53214937837/info/ (269.0.0.18.75, OnePlus 6T Dev)
2025-01-10 00:53:50,763 - INFO - [None] [200] GET https://www.instagram.com/graphql/query/?variables=%7B%22user_id%22%3A%228744613210%22%2C%22include_reel%22%3Atrue%7D&query_hash=ad99dd9d3646cc3c0dda65debcd266a7
2025-01-10 00:53:53,161 - INFO - [None] [201] GET https://www.instagram.com/_himanshu.chauhan_/?__a=1&__d=dis
2025-01-10 00:53:53,161 - ERROR - Status 201: JSONDecodeError in public_request (url=https://www.instagram.com/_himanshu.chauhan_/?__a=1&__d=dis) >>> 
2025-01-10 00:53:56,469 - INFO - [None] [201] GET https://www.instagram.com/_himanshu.chauhan_/?__a=1&__d=dis
2025-01-10 00:53:56,470 - ERROR - Status 201: JSONDecodeError in public_request (url=https://www.instagram.com/_himanshu.chauhan_/?__a=1&__d=dis) >>> 
2025-01-10 00:53:59,791 - INFO - [None] [201] GET https://www.instagram.com/_himanshu.chauhan_/?__a=1&__d=dis
2025-01-10 00:53:59,792 - ERROR - Status 201: JSONDecodeError in public_request (url=https://www.instagram.com/_himanshu.chauhan_/?__a=1&__d=dis) >>> 
2025-01-10 00:54:00,798 - INFO - https://i.instagram.com/api/v1/users/8744613210/info/
2025-01-10 00:54:01,339 - INFO - tanishhky [200] GET https://i.instagram.com/api/v1/users/8744613210/info/ (269.0.0.18.75, OnePlus 6T Dev)
2025-01-10 00:54:02,652 - INFO - [None] [200] GET https://www.instagram.com/graphql/query/?variables=%7B%22user_id%22%3A%22406222942%22%2C%22include_reel%22%3Atrue%7D&query_hash=ad99dd9d3646cc3c0dda65debcd266a7
2025-01-10 00:54:05,054 - INFO - [None] [201] GET https://www.instagram.com/sharkandink/?__a=1&__d=dis
2025-01-10 00:54:05,054 - ERROR - Status 201: JSONDecodeError in public_request (url=https://www.instagram.com/sharkandink/?__a=1&__d=dis) >>> 
2025-01-10 00:54:08,360 - INFO - [None] [201] GET https://www.instagram.com/sharkandink/?__a=1&__d=dis
2025-01-10 00:54:08,361 - ERROR - Status 201: JSONDecodeError in public_request (url=https://www.instagram.com/sharkandink/?__a=1&__d=dis) >>> 
2025-01-10 00:54:11,808 - INFO - [None] [201] GET https://www.instagram.com/sharkandink/?__a=1&__d=dis
2025-01-10 00:54:11,809 - ERROR - Status 201: JSONDecodeError in public_request (url=https://www.instagram.com/sharkandink/?__a=1&__d=dis) >>> 
2025-01-10 00:54:12,813 - INFO - https://i.instagram.com/api/v1/users/406222942/info/
2025-01-10 00:54:13,767 - INFO - tanishhky [200] GET https://i.instagram.com/api/v1/users/406222942/info/ (269.0.0.18.75, OnePlus 6T Dev)
2025-01-10 00:54:15,087 - INFO - [None] [200] GET https://www.instagram.com/graphql/query/?variables=%7B%22user_id%22%3A%226761122881%22%2C%22include_reel%22%3Atrue%7D&query_hash=ad99dd9d3646cc3c0dda65debcd266a7
2025-01-10 00:54:17,380 - INFO - [None] [201] GET https://www.instagram.com/tanyadhiingra/?__a=1&__d=dis
2025-01-10 00:54:17,381 - ERROR - Status 201: JSONDecodeError in public_request (url=https://www.instagram.com/tanyadhiingra/?__a=1&__d=dis) >>> 
2025-01-10 00:54:20,684 - INFO - [None] [201] GET https://www.instagram.com/tanyadhiingra/?__a=1&__d=dis
2025-01-10 00:54:20,684 - ERROR - Status 201: JSONDecodeError in public_request (url=https://www.instagram.com/tanyadhiingra/?__a=1&__d=dis) >>> 
2025-01-10 00:54:24,138 - INFO - [None] [201] GET https://www.instagram.com/tanyadhiingra/?__a=1&__d=dis
2025-01-10 00:54:24,138 - ERROR - Status 201: JSONDecodeError in public_request (url=https://www.instagram.com/tanyadhiingra/?__a=1&__d=dis) >>> 
2025-01-10 00:54:25,142 - INFO - https://i.instagram.com/api/v1/users/6761122881/info/
2025-01-10 00:54:25,634 - INFO - tanishhky [200] GET https://i.instagram.com/api/v1/users/6761122881/info/ (269.0.0.18.75, OnePlus 6T Dev)
2025-01-10 00:54:26,969 - INFO - [None] [200] GET https://www.instagram.com/graphql/query/?variables=%7B%22user_id%22%3A%222320579245%22%2C%22include_reel%22%3Atrue%7D&query_hash=ad99dd9d3646cc3c0dda65debcd266a7
2025-01-10 00:54:29,263 - INFO - [None] [201] GET https://www.instagram.com/lindsey/?__a=1&__d=dis
2025-01-10 00:54:29,263 - ERROR - Status 201: JSONDecodeError in public_request (url=https://www.instagram.com/lindsey/?__a=1&__d=dis) >>> 
2025-01-10 00:54:32,871 - INFO - [None] [201] GET https://www.instagram.com/lindsey/?__a=1&__d=dis
2025-01-10 00:54:32,872 - ERROR - Status 201: JSONDecodeError in public_request (url=https://www.instagram.com/lindsey/?__a=1&__d=dis) >>> 
2025-01-10 00:54:36,169 - INFO - [None] [201] GET https://www.instagram.com/lindsey/?__a=1&__d=dis
2025-01-10 00:54:36,169 - ERROR - Status 201: JSONDecodeError in public_request (url=https://www.instagram.com/lindsey/?__a=1&__d=dis) >>> 
2025-01-10 00:54:37,174 - INFO - https://i.instagram.com/api/v1/users/2320579245/info/
2025-01-10 00:54:38,141 - INFO - tanishhky [200] GET https://i.instagram.com/api/v1/users/2320579245/info/ (269.0.0.18.75, OnePlus 6T Dev)
2025-01-10 00:54:39,488 - INFO - [None] [200] GET https://www.instagram.com/graphql/query/?variables=%7B%22user_id%22%3A%2231800879182%22%2C%22include_reel%22%3Atrue%7D&query_hash=ad99dd9d3646cc3c0dda65debcd266a7
2025-01-10 00:54:41,805 - INFO - [None] [201] GET https://www.instagram.com/masaki_okada.official_.2/?__a=1&__d=dis
2025-01-10 00:54:41,806 - ERROR - Status 201: JSONDecodeError in public_request (url=https://www.instagram.com/masaki_okada.official_.2/?__a=1&__d=dis) >>> 
2025-01-10 00:54:45,188 - INFO - [None] [201] GET https://www.instagram.com/masaki_okada.official_.2/?__a=1&__d=dis
2025-01-10 00:54:45,188 - ERROR - Status 201: JSONDecodeError in public_request (url=https://www.instagram.com/masaki_okada.official_.2/?__a=1&__d=dis) >>> 
2025-01-10 00:54:48,488 - INFO - [None] [201] GET https://www.instagram.com/masaki_okada.official_.2/?__a=1&__d=dis
2025-01-10 00:54:48,489 - ERROR - Status 201: JSONDecodeError in public_request (url=https://www.instagram.com/masaki_okada.official_.2/?__a=1&__d=dis) >>> 
2025-01-10 00:54:49,494 - INFO - https://i.instagram.com/api/v1/users/31800879182/info/
2025-01-10 00:54:50,118 - INFO - tanishhky [200] GET https://i.instagram.com/api/v1/users/31800879182/info/ (269.0.0.18.75, OnePlus 6T Dev)
2025-01-10 00:54:51,460 - INFO - [None] [200] GET https://www.instagram.com/graphql/query/?variables=%7B%22user_id%22%3A%2249827607328%22%2C%22include_reel%22%3Atrue%7D&query_hash=ad99dd9d3646cc3c0dda65debcd266a7
2025-01-10 00:54:53,879 - INFO - [None] [201] GET https://www.instagram.com/taradiddle_tales/?__a=1&__d=dis
2025-01-10 00:54:53,880 - ERROR - Status 201: JSONDecodeError in public_request (url=https://www.instagram.com/taradiddle_tales/?__a=1&__d=dis) >>> 
2025-01-10 00:54:57,177 - INFO - [None] [201] GET https://www.instagram.com/taradiddle_tales/?__a=1&__d=dis
2025-01-10 00:54:57,178 - ERROR - Status 201: JSONDecodeError in public_request (url=https://www.instagram.com/taradiddle_tales/?__a=1&__d=dis) >>> 
2025-01-10 00:55:00,495 - INFO - [None] [201] GET https://www.instagram.com/taradiddle_tales/?__a=1&__d=dis
2025-01-10 00:55:00,495 - ERROR - Status 201: JSONDecodeError in public_request (url=https://www.instagram.com/taradiddle_tales/?__a=1&__d=dis) >>> 
2025-01-10 00:55:01,500 - INFO - https://i.instagram.com/api/v1/users/49827607328/info/
2025-01-10 00:55:03,313 - INFO - tanishhky [200] GET https://i.instagram.com/api/v1/users/49827607328/info/ (269.0.0.18.75, OnePlus 6T Dev)
2025-01-10 00:55:04,631 - INFO - [None] [200] GET https://www.instagram.com/graphql/query/?variables=%7B%22user_id%22%3A%2257426713397%22%2C%22include_reel%22%3Atrue%7D&query_hash=ad99dd9d3646cc3c0dda65debcd266a7
2025-01-10 00:55:06,937 - INFO - [None] [201] GET https://www.instagram.com/varunrao__2810/?__a=1&__d=dis
2025-01-10 00:55:06,938 - ERROR - Status 201: JSONDecodeError in public_request (url=https://www.instagram.com/varunrao__2810/?__a=1&__d=dis) >>> 
2025-01-10 00:55:10,226 - INFO - [None] [201] GET https://www.instagram.com/varunrao__2810/?__a=1&__d=dis
2025-01-10 00:55:10,226 - ERROR - Status 201: JSONDecodeError in public_request (url=https://www.instagram.com/varunrao__2810/?__a=1&__d=dis) >>> 
2025-01-10 00:55:13,554 - INFO - [None] [201] GET https://www.instagram.com/varunrao__2810/?__a=1&__d=dis
2025-01-10 00:55:13,555 - ERROR - Status 201: JSONDecodeError in public_request (url=https://www.instagram.com/varunrao__2810/?__a=1&__d=dis) >>> 
2025-01-10 00:55:14,559 - INFO - https://i.instagram.com/api/v1/users/57426713397/info/
2025-01-10 00:55:15,500 - INFO - tanishhky [200] GET https://i.instagram.com/api/v1/users/57426713397/info/ (269.0.0.18.75, OnePlus 6T Dev)
2025-01-10 00:55:16,860 - INFO - [None] [200] GET https://www.instagram.com/graphql/query/?variables=%7B%22user_id%22%3A%2247660076340%22%2C%22include_reel%22%3Atrue%7D&query_hash=ad99dd9d3646cc3c0dda65debcd266a7
2025-01-10 00:55:19,163 - INFO - [None] [201] GET https://www.instagram.com/yatii._in/?__a=1&__d=dis
2025-01-10 00:55:19,163 - ERROR - Status 201: JSONDecodeError in public_request (url=https://www.instagram.com/yatii._in/?__a=1&__d=dis) >>> 
2025-01-10 00:55:22,471 - INFO - [None] [201] GET https://www.instagram.com/yatii._in/?__a=1&__d=dis
2025-01-10 00:55:22,472 - ERROR - Status 201: JSONDecodeError in public_request (url=https://www.instagram.com/yatii._in/?__a=1&__d=dis) >>> 
2025-01-10 00:55:25,774 - INFO - [None] [201] GET https://www.instagram.com/yatii._in/?__a=1&__d=dis
2025-01-10 00:55:25,775 - ERROR - Status 201: JSONDecodeError in public_request (url=https://www.instagram.com/yatii._in/?__a=1&__d=dis) >>> 
2025-01-10 00:55:26,780 - INFO - https://i.instagram.com/api/v1/users/47660076340/info/
2025-01-10 00:55:27,480 - INFO - tanishhky [200] GET https://i.instagram.com/api/v1/users/47660076340/info/ (269.0.0.18.75, OnePlus 6T Dev)
2025-01-10 00:55:28,860 - INFO - [None] [200] GET https://www.instagram.com/graphql/query/?variables=%7B%22user_id%22%3A%223057682731%22%2C%22include_reel%22%3Atrue%7D&query_hash=ad99dd9d3646cc3c0dda65debcd266a7
2025-01-10 00:55:31,151 - INFO - [None] [201] GET https://www.instagram.com/_.csk._/?__a=1&__d=dis
2025-01-10 00:55:31,151 - ERROR - Status 201: JSONDecodeError in public_request (url=https://www.instagram.com/_.csk._/?__a=1&__d=dis) >>> 
2025-01-10 00:55:34,468 - INFO - [None] [201] GET https://www.instagram.com/_.csk._/?__a=1&__d=dis
2025-01-10 00:55:34,469 - ERROR - Status 201: JSONDecodeError in public_request (url=https://www.instagram.com/_.csk._/?__a=1&__d=dis) >>> 
2025-01-10 00:55:37,758 - INFO - [None] [201] GET https://www.instagram.com/_.csk._/?__a=1&__d=dis
2025-01-10 00:55:37,758 - ERROR - Status 201: JSONDecodeError in public_request (url=https://www.instagram.com/_.csk._/?__a=1&__d=dis) >>> 
2025-01-10 00:55:38,763 - INFO - https://i.instagram.com/api/v1/users/3057682731/info/
2025-01-10 00:55:39,964 - INFO - tanishhky [200] GET https://i.instagram.com/api/v1/users/3057682731/info/ (269.0.0.18.75, OnePlus 6T Dev)
2025-01-10 00:55:41,313 - INFO - [None] [200] GET https://www.instagram.com/graphql/query/?variables=%7B%22user_id%22%3A%223090543320%22%2C%22include_reel%22%3Atrue%7D&query_hash=ad99dd9d3646cc3c0dda65debcd266a7
2025-01-10 00:55:43,778 - INFO - [None] [201] GET https://www.instagram.com/ashirwad05/?__a=1&__d=dis
2025-01-10 00:55:43,778 - ERROR - Status 201: JSONDecodeError in public_request (url=https://www.instagram.com/ashirwad05/?__a=1&__d=dis) >>> 
2025-01-10 00:55:47,071 - INFO - [None] [201] GET https://www.instagram.com/ashirwad05/?__a=1&__d=dis
2025-01-10 00:55:47,071 - ERROR - Status 201: JSONDecodeError in public_request (url=https://www.instagram.com/ashirwad05/?__a=1&__d=dis) >>> 
2025-01-10 00:55:50,375 - INFO - [None] [201] GET https://www.instagram.com/ashirwad05/?__a=1&__d=dis
2025-01-10 00:55:50,375 - ERROR - Status 201: JSONDecodeError in public_request (url=https://www.instagram.com/ashirwad05/?__a=1&__d=dis) >>> 
2025-01-10 00:55:51,380 - INFO - https://i.instagram.com/api/v1/users/3090543320/info/
2025-01-10 00:55:52,244 - INFO - tanishhky [200] GET https://i.instagram.com/api/v1/users/3090543320/info/ (269.0.0.18.75, OnePlus 6T Dev)
2025-01-10 00:55:55,568 - INFO - [None] [200] GET https://www.instagram.com/graphql/query/?variables=%7B%22user_id%22%3A%227316489140%22%2C%22include_reel%22%3Atrue%7D&query_hash=ad99dd9d3646cc3c0dda65debcd266a7
2025-01-10 00:55:57,858 - INFO - [None] [201] GET https://www.instagram.com/fit_abhinav/?__a=1&__d=dis
2025-01-10 00:55:57,859 - ERROR - Status 201: JSONDecodeError in public_request (url=https://www.instagram.com/fit_abhinav/?__a=1&__d=dis) >>> 
2025-01-10 00:56:01,153 - INFO - [None] [201] GET https://www.instagram.com/fit_abhinav/?__a=1&__d=dis
2025-01-10 00:56:01,154 - ERROR - Status 201: JSONDecodeError in public_request (url=https://www.instagram.com/fit_abhinav/?__a=1&__d=dis) >>> 
2025-01-10 00:56:04,440 - INFO - [None] [201] GET https://www.instagram.com/fit_abhinav/?__a=1&__d=dis
2025-01-10 00:56:04,440 - ERROR - Status 201: JSONDecodeError in public_request (url=https://www.instagram.com/fit_abhinav/?__a=1&__d=dis) >>> 
2025-01-10 00:56:05,445 - INFO - https://i.instagram.com/api/v1/users/7316489140/info/
2025-01-10 00:56:06,084 - INFO - tanishhky [200] GET https://i.instagram.com/api/v1/users/7316489140/info/ (269.0.0.18.75, OnePlus 6T Dev)
2025-01-10 00:56:07,625 - INFO - [None] [200] GET https://www.instagram.com/graphql/query/?variables=%7B%22user_id%22%3A%227398530027%22%2C%22include_reel%22%3Atrue%7D&query_hash=ad99dd9d3646cc3c0dda65debcd266a7
2025-01-10 00:56:09,930 - INFO - [None] [201] GET https://www.instagram.com/_itsog/?__a=1&__d=dis
2025-01-10 00:56:09,930 - ERROR - Status 201: JSONDecodeError in public_request (url=https://www.instagram.com/_itsog/?__a=1&__d=dis) >>> 
2025-01-10 00:56:13,230 - INFO - [None] [201] GET https://www.instagram.com/_itsog/?__a=1&__d=dis
2025-01-10 00:56:13,231 - ERROR - Status 201: JSONDecodeError in public_request (url=https://www.instagram.com/_itsog/?__a=1&__d=dis) >>> 
2025-01-10 00:56:16,527 - INFO - [None] [201] GET https://www.instagram.com/_itsog/?__a=1&__d=dis
2025-01-10 00:56:16,527 - ERROR - Status 201: JSONDecodeError in public_request (url=https://www.instagram.com/_itsog/?__a=1&__d=dis) >>> 
2025-01-10 00:56:17,532 - INFO - https://i.instagram.com/api/v1/users/7398530027/info/
2025-01-10 00:56:18,526 - INFO - tanishhky [200] GET https://i.instagram.com/api/v1/users/7398530027/info/ (269.0.0.18.75, OnePlus 6T Dev)
2025-01-10 00:56:19,837 - INFO - [None] [200] GET https://www.instagram.com/graphql/query/?variables=%7B%22user_id%22%3A%223526736210%22%2C%22include_reel%22%3Atrue%7D&query_hash=ad99dd9d3646cc3c0dda65debcd266a7
2025-01-10 00:56:22,141 - INFO - [None] [201] GET https://www.instagram.com/codeuniversity/?__a=1&__d=dis
2025-01-10 00:56:22,141 - ERROR - Status 201: JSONDecodeError in public_request (url=https://www.instagram.com/codeuniversity/?__a=1&__d=dis) >>> 
2025-01-10 00:56:25,447 - INFO - [None] [201] GET https://www.instagram.com/codeuniversity/?__a=1&__d=dis
2025-01-10 00:56:25,447 - ERROR - Status 201: JSONDecodeError in public_request (url=https://www.instagram.com/codeuniversity/?__a=1&__d=dis) >>> 
2025-01-10 00:56:28,819 - INFO - [None] [201] GET https://www.instagram.com/codeuniversity/?__a=1&__d=dis
2025-01-10 00:56:28,820 - ERROR - Status 201: JSONDecodeError in public_request (url=https://www.instagram.com/codeuniversity/?__a=1&__d=dis) >>> 
2025-01-10 00:56:29,823 - INFO - https://i.instagram.com/api/v1/users/3526736210/info/
2025-01-10 00:56:31,118 - INFO - tanishhky [200] GET https://i.instagram.com/api/v1/users/3526736210/info/ (269.0.0.18.75, OnePlus 6T Dev)
2025-01-10 00:56:32,453 - INFO - [None] [200] GET https://www.instagram.com/graphql/query/?variables=%7B%22user_id%22%3A%226313989538%22%2C%22include_reel%22%3Atrue%7D&query_hash=ad99dd9d3646cc3c0dda65debcd266a7
2025-01-10 00:56:34,745 - INFO - [None] [201] GET https://www.instagram.com/biancacensorigram/?__a=1&__d=dis
2025-01-10 00:56:34,745 - ERROR - Status 201: JSONDecodeError in public_request (url=https://www.instagram.com/biancacensorigram/?__a=1&__d=dis) >>> 
2025-01-10 00:56:38,124 - INFO - [None] [201] GET https://www.instagram.com/biancacensorigram/?__a=1&__d=dis
2025-01-10 00:56:38,125 - ERROR - Status 201: JSONDecodeError in public_request (url=https://www.instagram.com/biancacensorigram/?__a=1&__d=dis) >>> 
2025-01-10 00:56:41,518 - INFO - [None] [201] GET https://www.instagram.com/biancacensorigram/?__a=1&__d=dis
2025-01-10 00:56:41,519 - ERROR - Status 201: JSONDecodeError in public_request (url=https://www.instagram.com/biancacensorigram/?__a=1&__d=dis) >>> 
2025-01-10 00:56:42,525 - INFO - https://i.instagram.com/api/v1/users/6313989538/info/
2025-01-10 00:56:43,189 - INFO - tanishhky [200] GET https://i.instagram.com/api/v1/users/6313989538/info/ (269.0.0.18.75, OnePlus 6T Dev)
2025-01-10 00:56:44,505 - INFO - [None] [200] GET https://www.instagram.com/graphql/query/?variables=%7B%22user_id%22%3A%2266298738199%22%2C%22include_reel%22%3Atrue%7D&query_hash=ad99dd9d3646cc3c0dda65debcd266a7
2025-01-10 00:56:46,815 - INFO - [None] [201] GET https://www.instagram.com/thebrainybox_toys/?__a=1&__d=dis
2025-01-10 00:56:46,815 - ERROR - Status 201: JSONDecodeError in public_request (url=https://www.instagram.com/thebrainybox_toys/?__a=1&__d=dis) >>> 
2025-01-10 00:56:50,101 - INFO - [None] [201] GET https://www.instagram.com/thebrainybox_toys/?__a=1&__d=dis
2025-01-10 00:56:50,101 - ERROR - Status 201: JSONDecodeError in public_request (url=https://www.instagram.com/thebrainybox_toys/?__a=1&__d=dis) >>> 
2025-01-10 00:56:53,498 - INFO - [None] [201] GET https://www.instagram.com/thebrainybox_toys/?__a=1&__d=dis
2025-01-10 00:56:53,498 - ERROR - Status 201: JSONDecodeError in public_request (url=https://www.instagram.com/thebrainybox_toys/?__a=1&__d=dis) >>> 
2025-01-10 00:56:54,503 - INFO - https://i.instagram.com/api/v1/users/66298738199/info/
2025-01-10 00:56:55,173 - INFO - tanishhky [200] GET https://i.instagram.com/api/v1/users/66298738199/info/ (269.0.0.18.75, OnePlus 6T Dev)
2025-01-10 00:56:56,487 - INFO - [None] [200] GET https://www.instagram.com/graphql/query/?variables=%7B%22user_id%22%3A%2224695194%22%2C%22include_reel%22%3Atrue%7D&query_hash=ad99dd9d3646cc3c0dda65debcd266a7
2025-01-10 00:56:58,796 - INFO - [None] [201] GET https://www.instagram.com/sumeetnisar/?__a=1&__d=dis
2025-01-10 00:56:58,796 - ERROR - Status 201: JSONDecodeError in public_request (url=https://www.instagram.com/sumeetnisar/?__a=1&__d=dis) >>> 
2025-01-10 00:57:02,116 - INFO - [None] [201] GET https://www.instagram.com/sumeetnisar/?__a=1&__d=dis
2025-01-10 00:57:02,116 - ERROR - Status 201: JSONDecodeError in public_request (url=https://www.instagram.com/sumeetnisar/?__a=1&__d=dis) >>> 
2025-01-10 00:57:05,480 - INFO - [None] [201] GET https://www.instagram.com/sumeetnisar/?__a=1&__d=dis
2025-01-10 00:57:05,480 - ERROR - Status 201: JSONDecodeError in public_request (url=https://www.instagram.com/sumeetnisar/?__a=1&__d=dis) >>> 
2025-01-10 00:57:06,484 - INFO - https://i.instagram.com/api/v1/users/24695194/info/
2025-01-10 00:57:07,115 - INFO - tanishhky [200] GET https://i.instagram.com/api/v1/users/24695194/info/ (269.0.0.18.75, OnePlus 6T Dev)
2025-01-10 00:57:08,450 - INFO - [None] [200] GET https://www.instagram.com/graphql/query/?variables=%7B%22user_id%22%3A%2252774058101%22%2C%22include_reel%22%3Atrue%7D&query_hash=ad99dd9d3646cc3c0dda65debcd266a7
2025-01-10 00:57:10,751 - INFO - [None] [201] GET https://www.instagram.com/ircouncil_srmap/?__a=1&__d=dis
2025-01-10 00:57:10,751 - ERROR - Status 201: JSONDecodeError in public_request (url=https://www.instagram.com/ircouncil_srmap/?__a=1&__d=dis) >>> 
2025-01-10 00:57:14,046 - INFO - [None] [201] GET https://www.instagram.com/ircouncil_srmap/?__a=1&__d=dis
2025-01-10 00:57:14,046 - ERROR - Status 201: JSONDecodeError in public_request (url=https://www.instagram.com/ircouncil_srmap/?__a=1&__d=dis) >>> 
2025-01-10 00:57:17,357 - INFO - [None] [201] GET https://www.instagram.com/ircouncil_srmap/?__a=1&__d=dis
2025-01-10 00:57:17,358 - ERROR - Status 201: JSONDecodeError in public_request (url=https://www.instagram.com/ircouncil_srmap/?__a=1&__d=dis) >>> 
2025-01-10 00:57:18,363 - INFO - https://i.instagram.com/api/v1/users/52774058101/info/
2025-01-10 00:57:18,988 - INFO - tanishhky [200] GET https://i.instagram.com/api/v1/users/52774058101/info/ (269.0.0.18.75, OnePlus 6T Dev)
2025-01-10 00:57:20,428 - INFO - [None] [200] GET https://www.instagram.com/graphql/query/?variables=%7B%22user_id%22%3A%2251177921987%22%2C%22include_reel%22%3Atrue%7D&query_hash=ad99dd9d3646cc3c0dda65debcd266a7
2025-01-10 00:57:23,391 - INFO - [None] [201] GET https://www.instagram.com/elleneverettpoetry/?__a=1&__d=dis
2025-01-10 00:57:23,391 - ERROR - Status 201: JSONDecodeError in public_request (url=https://www.instagram.com/elleneverettpoetry/?__a=1&__d=dis) >>> 
2025-01-10 00:57:26,693 - INFO - [None] [201] GET https://www.instagram.com/elleneverettpoetry/?__a=1&__d=dis
2025-01-10 00:57:26,693 - ERROR - Status 201: JSONDecodeError in public_request (url=https://www.instagram.com/elleneverettpoetry/?__a=1&__d=dis) >>> 
2025-01-10 00:57:29,996 - INFO - [None] [201] GET https://www.instagram.com/elleneverettpoetry/?__a=1&__d=dis
2025-01-10 00:57:29,997 - ERROR - Status 201: JSONDecodeError in public_request (url=https://www.instagram.com/elleneverettpoetry/?__a=1&__d=dis) >>> 
2025-01-10 00:57:31,002 - INFO - https://i.instagram.com/api/v1/users/51177921987/info/
2025-01-10 00:57:31,688 - INFO - tanishhky [200] GET https://i.instagram.com/api/v1/users/51177921987/info/ (269.0.0.18.75, OnePlus 6T Dev)
2025-01-10 00:57:32,996 - INFO - [None] [200] GET https://www.instagram.com/graphql/query/?variables=%7B%22user_id%22%3A%22347696668%22%2C%22include_reel%22%3Atrue%7D&query_hash=ad99dd9d3646cc3c0dda65debcd266a7
2025-01-10 00:57:35,284 - INFO - [None] [201] GET https://www.instagram.com/realdonaldtrump/?__a=1&__d=dis
2025-01-10 00:57:35,284 - ERROR - Status 201: JSONDecodeError in public_request (url=https://www.instagram.com/realdonaldtrump/?__a=1&__d=dis) >>> 
2025-01-10 00:57:35,713 - INFO -  * Detected change in '/Users/tanishkyadav/Documents/instagram-manager/app.py', reloading
2025-01-10 00:57:35,752 - INFO -  * Restarting with stat
2025-01-10 01:02:00,903 - INFO - [31m[1mWARNING: This is a development server. Do not use it in a production deployment. Use a production WSGI server instead.[0m
 * Running on http://127.0.0.1:5000
2025-01-10 01:02:00,904 - INFO - [33mPress CTRL+C to quit[0m
2025-01-10 01:02:00,904 - INFO -  * Restarting with stat
2025-01-10 01:02:01,188 - WARNING -  * Debugger is active!
2025-01-10 01:02:01,194 - INFO -  * Debugger PIN: 124-470-073
2025-01-10 01:02:09,185 - WARNING - Access to /non_followers without login.
2025-01-10 01:02:09,186 - INFO - 127.0.0.1 - - [10/Jan/2025 01:02:09] "[31m[1mGET /non_followers HTTP/1.1[0m" 401 -
2025-01-10 01:02:15,205 - INFO - 127.0.0.1 - - [10/Jan/2025 01:02:15] "GET / HTTP/1.1" 200 -
2025-01-10 01:02:17,006 - INFO - Login attempt with username: tanishhky
2025-01-10 01:02:17,007 - INFO - https://i.instagram.com/api/v1/launcher/sync/
2025-01-10 01:02:17,413 - INFO - tanishhky [200] POST https://i.instagram.com/api/v1/launcher/sync/ (269.0.0.18.75, OnePlus 6T Dev)
2025-01-10 01:02:18,159 - INFO - https://i.instagram.com/api/v1/accounts/login/
2025-01-10 01:02:22,458 - INFO - tanishhky [200] POST https://i.instagram.com/api/v1/accounts/login/ (269.0.0.18.75, OnePlus 6T Dev)
2025-01-10 01:02:23,463 - INFO - https://i.instagram.com/api/v1/feed/reels_tray/
2025-01-10 01:02:24,379 - INFO - tanishhky [200] POST https://i.instagram.com/api/v1/feed/reels_tray/ (269.0.0.18.75, OnePlus 6T Dev)
2025-01-10 01:02:25,385 - INFO - https://i.instagram.com/api/v1/feed/timeline/
2025-01-10 01:02:27,442 - INFO - tanishhky [200] POST https://i.instagram.com/api/v1/feed/timeline/ (269.0.0.18.75, OnePlus 6T Dev)
2025-01-10 01:02:27,444 - INFO - Login successful for username: tanishhky
2025-01-10 01:02:27,444 - INFO - 127.0.0.1 - - [10/Jan/2025 01:02:27] "POST /login HTTP/1.1" 200 -
2025-01-10 01:02:27,503 - INFO - Fetching non-followers list...
2025-01-10 01:02:27,503 - INFO - Fetched user_id: 44673213498
2025-01-10 01:02:29,268 - INFO - [None] [200] GET https://www.instagram.com/graphql/query/?variables=%7B%22id%22%3A%2244673213498%22%2C%22include_reel%22%3Atrue%2C%22fetch_mutual%22%3Afalse%2C%22first%22%3A12%7D&query_hash=37479f2b8209594dde7facb0d904896a
2025-01-10 01:02:31,637 - INFO - [None] [200] GET https://www.instagram.com/graphql/query/?variables=%7B%22id%22%3A%2244673213498%22%2C%22include_reel%22%3Atrue%2C%22fetch_mutual%22%3Afalse%2C%22first%22%3A12%2C%22after%22%3A%22QVFETklwU3RFc2pMYlROOExDaFdseFFubEthV3JkalZtTGpfVXZ1eS1WRkNTcVlMMGNVS2tESHNTRWViZUd5OFhJWDhZbWo3VURYUEdKaGZxMk9QcmpiTQ%3D%3D%22%7D&query_hash=37479f2b8209594dde7facb0d904896a
2025-01-10 01:02:33,974 - INFO - [None] [200] GET https://www.instagram.com/graphql/query/?variables=%7B%22id%22%3A%2244673213498%22%2C%22include_reel%22%3Atrue%2C%22fetch_mutual%22%3Afalse%2C%22first%22%3A12%2C%22after%22%3A%22QVFEZVpPYmtXckdWbkdqUXk1WXZZWWpJT1NudUZmWTJXQ1VCNF9hQnB5S242SkpFU0NXeEdsWEJxTnJ2MzRiQzlBVGlTTDBSMDZFTWo4eUxKY3ZxNnNCdQ%3D%3D%22%7D&query_hash=37479f2b8209594dde7facb0d904896a
2025-01-10 01:02:36,289 - INFO - [None] [200] GET https://www.instagram.com/graphql/query/?variables=%7B%22id%22%3A%2244673213498%22%2C%22include_reel%22%3Atrue%2C%22fetch_mutual%22%3Afalse%2C%22first%22%3A12%2C%22after%22%3A%22QVFEUV9zY0F3ODhUdXNiQTZ4eG5nYUhTc0JMMUNMemlQTWhKR0N6akx5MGtpWG9VS01MQ3hhMTNHOEMwRklCWjJIbGgyTnczVUVhWWxwYjBHMDBCZ0UtZg%3D%3D%22%7D&query_hash=37479f2b8209594dde7facb0d904896a
2025-01-10 01:02:38,632 - INFO - [None] [200] GET https://www.instagram.com/graphql/query/?variables=%7B%22id%22%3A%2244673213498%22%2C%22include_reel%22%3Atrue%2C%22fetch_mutual%22%3Afalse%2C%22first%22%3A12%2C%22after%22%3A%22QVFBN0pmUU1CekxWU0U3WXpSLU5qbC13a3lLb1RyVm5XdUxOWEFDT3FnLUFZYTBCUEdHY2o5U1JNbHpBOTJoWkpWUlJCcFEyclIwLU1fOTR3Z1FjMF9uZg%3D%3D%22%7D&query_hash=37479f2b8209594dde7facb0d904896a
2025-01-10 01:02:40,971 - INFO - [None] [200] GET https://www.instagram.com/graphql/query/?variables=%7B%22id%22%3A%2244673213498%22%2C%22include_reel%22%3Atrue%2C%22fetch_mutual%22%3Afalse%2C%22first%22%3A12%2C%22after%22%3A%22QVFCNkJCTjZKcVhKdzZSQnMwMEIyOUFLSWRaVFIxZXpibmt5SlJSS3BWMG5FRWZJSGFUYl8yZTNtMDZHYjhTQWhBYkU1dWNKUld4V0swYk8wYlY0cGpNTg%3D%3D%22%7D&query_hash=37479f2b8209594dde7facb0d904896a
2025-01-10 01:02:43,395 - INFO - [None] [200] GET https://www.instagram.com/graphql/query/?variables=%7B%22id%22%3A%2244673213498%22%2C%22include_reel%22%3Atrue%2C%22fetch_mutual%22%3Afalse%2C%22first%22%3A12%2C%22after%22%3A%22QVFBTk9YTmtFR1VoNUVqODUzeGp2b3VXaDlMNVlVV1VsY0xsczBvTV9pSFlsbkNFUko1ZF9XRUgtdXBsajRLOHpodHJoYU0tdDBiN1hlczVZRnBWVG5wQQ%3D%3D%22%7D&query_hash=37479f2b8209594dde7facb0d904896a
2025-01-10 01:02:46,494 - INFO - [None] [200] GET https://www.instagram.com/graphql/query/?variables=%7B%22id%22%3A%2244673213498%22%2C%22include_reel%22%3Atrue%2C%22fetch_mutual%22%3Afalse%2C%22first%22%3A12%2C%22after%22%3A%22QVFBaWRKUW0wWEZIUDRFWmNDRktMcC15YnBHR2ZvcWJ6NURqV281a0RGWG5KNkd0UGNCa3J5YXY2WWRGNmdLNWM3Mlc3eXRiS3RxTGszWm9rUXJPaTBtbA%3D%3D%22%7D&query_hash=37479f2b8209594dde7facb0d904896a
2025-01-10 01:02:48,860 - INFO - [None] [200] GET https://www.instagram.com/graphql/query/?variables=%7B%22id%22%3A%2244673213498%22%2C%22include_reel%22%3Atrue%2C%22fetch_mutual%22%3Afalse%2C%22first%22%3A12%2C%22after%22%3A%22QVFEaFhvckpaQ2I4ZS02dmZrWmJPWlg3UzZ4d2Q3QnQtdzBESGJQZFo1NkJGMUZwdXB3YzJJckp1R1VMV1B5ZEY1aXljUVpxcTF1QVRlX1dFZElqNndocQ%3D%3D%22%7D&query_hash=37479f2b8209594dde7facb0d904896a
2025-01-10 01:02:51,207 - INFO - [None] [200] GET https://www.instagram.com/graphql/query/?variables=%7B%22id%22%3A%2244673213498%22%2C%22include_reel%22%3Atrue%2C%22fetch_mutual%22%3Afalse%2C%22first%22%3A12%2C%22after%22%3A%22QVFDQ2I4dVVNVUJsenBfU016aS11UUpJdUZ6OWgzOFcwYkpmWW5SZWpNME53eXNHQ0xMWkhyZ1hHUF9Gb1dmUnNiejZlVV9iN0ZjckprWEpwMUdRdlE4ZQ%3D%3D%22%7D&query_hash=37479f2b8209594dde7facb0d904896a
2025-01-10 01:02:53,560 - INFO - [None] [200] GET https://www.instagram.com/graphql/query/?variables=%7B%22id%22%3A%2244673213498%22%2C%22include_reel%22%3Atrue%2C%22fetch_mutual%22%3Afalse%2C%22first%22%3A12%2C%22after%22%3A%22QVFDZEU4d1VPR3N0T2tIRVV5ODFGNzJ5eFo2X25QVkFTSEVnN2pxamVfTU5FMDRyUnRzeXlWci1NN25kTVozVkNiYjhUc3pwdVZvX0FqaGRCYXNrOXhQcA%3D%3D%22%7D&query_hash=37479f2b8209594dde7facb0d904896a
2025-01-10 01:02:55,991 - INFO - [None] [200] GET https://www.instagram.com/graphql/query/?variables=%7B%22id%22%3A%2244673213498%22%2C%22include_reel%22%3Atrue%2C%22fetch_mutual%22%3Afalse%2C%22first%22%3A12%2C%22after%22%3A%22QVFEUTVucjZ1bmhMZEktNFh3SWpSVV9IQjBBZFlfeC1NMzdtcXQ0Y2RqY1c3ZEZ1azFLdjhld2pjUDZ2SG1FT1FmRjR3NlkzajdqOGloTllOSE5MNDFjVQ%3D%3D%22%7D&query_hash=37479f2b8209594dde7facb0d904896a
2025-01-10 01:02:58,333 - INFO - [None] [200] GET https://www.instagram.com/graphql/query/?variables=%7B%22id%22%3A%2244673213498%22%2C%22include_reel%22%3Atrue%2C%22fetch_mutual%22%3Afalse%2C%22first%22%3A12%2C%22after%22%3A%22QVFEQ0lCTmZmc1A1cWhJTHhjWHFMQ2V3b1RZWkI4Tm5lR3VReUY5aEQ3QjA2Qk01NTJ5NW5GMFk4VTFGSTlUN243TUJvbC1NTzd5NzVEOFU5ZUF6QjN4UA%3D%3D%22%7D&query_hash=37479f2b8209594dde7facb0d904896a
2025-01-10 01:03:00,741 - INFO - [None] [200] GET https://www.instagram.com/graphql/query/?variables=%7B%22id%22%3A%2244673213498%22%2C%22include_reel%22%3Atrue%2C%22fetch_mutual%22%3Afalse%2C%22first%22%3A12%2C%22after%22%3A%22QVFDdTEtdWszTHpoLTEySGp3VE9zVVhYMlFidFdyd1Zpd29kZnNBTjNNNmthMTI2czVBSE10cTktQUhqeWptTE5Qb0RLTDdtRlJPUkk3cjBxNE56enFVdA%3D%3D%22%7D&query_hash=37479f2b8209594dde7facb0d904896a
2025-01-10 01:03:03,125 - INFO - [None] [200] GET https://www.instagram.com/graphql/query/?variables=%7B%22id%22%3A%2244673213498%22%2C%22include_reel%22%3Atrue%2C%22fetch_mutual%22%3Afalse%2C%22first%22%3A12%2C%22after%22%3A%22QVFEZkI2bHpSbXBOLTlmNnFFRV9pQi1XUFAzMFFSeXFhY0FkcTJRNTN1dnp2NVlERGlGVVpvWlRQcnM2eldWY1dMTzVKclp4QmV4dVJOejdaQlJFUW4xdA%3D%3D%22%7D&query_hash=37479f2b8209594dde7facb0d904896a
2025-01-10 01:03:05,472 - INFO - [None] [200] GET https://www.instagram.com/graphql/query/?variables=%7B%22id%22%3A%2244673213498%22%2C%22include_reel%22%3Atrue%2C%22fetch_mutual%22%3Afalse%2C%22first%22%3A12%2C%22after%22%3A%22QVFEUjVSV3hxZzY3M1ItakF4bkxFTG1vNFJEb1Axd3BZZnFXbGc2dXo0M1VZXzRlQXZwUFpDQmZUdGYyZDJZTWNLYTVGZXBkWEZjcVlpekFfSzAxNG94dw%3D%3D%22%7D&query_hash=37479f2b8209594dde7facb0d904896a
2025-01-10 01:03:07,830 - INFO - [None] [200] GET https://www.instagram.com/graphql/query/?variables=%7B%22id%22%3A%2244673213498%22%2C%22include_reel%22%3Atrue%2C%22fetch_mutual%22%3Afalse%2C%22first%22%3A12%2C%22after%22%3A%22QVFCTjdJcktRNk1wTFhrc21WakpZMGNVRnlfWHJEMGg2MGNkRFFCWGtMYWpsVG9SSVhDclZ6R0xOVUVNbWFoV3FyRENFTFBsOW5qM0ZHZGtwWWZ2Z0dHTQ%3D%3D%22%7D&query_hash=37479f2b8209594dde7facb0d904896a
2025-01-10 01:03:10,163 - INFO - [None] [200] GET https://www.instagram.com/graphql/query/?variables=%7B%22id%22%3A%2244673213498%22%2C%22include_reel%22%3Atrue%2C%22fetch_mutual%22%3Afalse%2C%22first%22%3A12%2C%22after%22%3A%22QVFDb3VvZVRpZURHWjAtUTRYMXlSSUNiRFpJcWxOSkRjalNOYThUM3ZRZU5JYkFxRXZKN1dKZHRTRFNxOWxKaklGZmEtMVRoRVNGdGFTLXJiUG02YkYtVg%3D%3D%22%7D&query_hash=37479f2b8209594dde7facb0d904896a
2025-01-10 01:03:12,502 - INFO - [None] [200] GET https://www.instagram.com/graphql/query/?variables=%7B%22id%22%3A%2244673213498%22%2C%22include_reel%22%3Atrue%2C%22fetch_mutual%22%3Afalse%2C%22first%22%3A12%2C%22after%22%3A%22QVFCVU9ackZRM0NySGdrLTFGcVpRNVBWR2wxTU1yQldDbFFkVVpPdk40V1B3Q3hqd0RDelZ5UzBHaTVUZnktZHg0VzdFQ2ZsV09rc1FVa054VXFLWGdFNg%3D%3D%22%7D&query_hash=37479f2b8209594dde7facb0d904896a
2025-01-10 01:03:14,856 - INFO - [None] [200] GET https://www.instagram.com/graphql/query/?variables=%7B%22id%22%3A%2244673213498%22%2C%22include_reel%22%3Atrue%2C%22fetch_mutual%22%3Afalse%2C%22first%22%3A12%2C%22after%22%3A%22QVFBdU1RQzM1OHp6TUFGVEVCczNnWWgzaUwyb1ZUano4dkVsSi1wS293blNMb1R0WDNzMHRkU3lCb1hnaGpyT2NXd25nUGtUdmV5bVFkV0ZFbzR2YW8xVg%3D%3D%22%7D&query_hash=37479f2b8209594dde7facb0d904896a
2025-01-10 01:03:17,195 - INFO - [None] [200] GET https://www.instagram.com/graphql/query/?variables=%7B%22id%22%3A%2244673213498%22%2C%22include_reel%22%3Atrue%2C%22fetch_mutual%22%3Afalse%2C%22first%22%3A12%2C%22after%22%3A%22QVFDdkxMdTBCZnBOaHg2XzNrNVJyc29rQ2oyWXRPN1ZDQk5HdVJreDZmU2MwSjQ4UXczOW5EaEdWaE5WNGU4bF9pTVJ1RDZTZFdIVU1JcHNlVWRsdEJnVw%3D%3D%22%7D&query_hash=37479f2b8209594dde7facb0d904896a
2025-01-10 01:03:19,564 - INFO - [None] [200] GET https://www.instagram.com/graphql/query/?variables=%7B%22id%22%3A%2244673213498%22%2C%22include_reel%22%3Atrue%2C%22fetch_mutual%22%3Afalse%2C%22first%22%3A12%2C%22after%22%3A%22QVFETVU3dG14YmdBS3lLUzFVMmZnVkNOQkd1WjcxaHdhZG90WlU3cXRFQ01SakItNVFJU1hUZXJ4QnZteWZwRC1VNEhmN2FQdnVaeDI1WlRraHVCVzJBcQ%3D%3D%22%7D&query_hash=37479f2b8209594dde7facb0d904896a
2025-01-10 01:03:21,926 - INFO - [None] [200] GET https://www.instagram.com/graphql/query/?variables=%7B%22id%22%3A%2244673213498%22%2C%22include_reel%22%3Atrue%2C%22fetch_mutual%22%3Afalse%2C%22first%22%3A12%2C%22after%22%3A%22QVFERE9SdnpzNFZFN05Dc056TVhjODZRLUw0WmhBY24ySTlVRGZ2eFp1aV9UeFdZQ1Bab2RvS2h6WVN0QW52cEY3ZGpzZW1DdU9keUR1T1htUTYwbzJMag%3D%3D%22%7D&query_hash=37479f2b8209594dde7facb0d904896a
2025-01-10 01:03:24,390 - INFO - [None] [200] GET https://www.instagram.com/graphql/query/?variables=%7B%22id%22%3A%2244673213498%22%2C%22include_reel%22%3Atrue%2C%22fetch_mutual%22%3Afalse%2C%22first%22%3A12%2C%22after%22%3A%22QVFEZ1g0Y1ZYVXk0UXVFN2FXVXNDcS15ZFB6MkEwZnBWNFpiZFpweGhRc0hZeEVQN0tpaXpVcTY2X3NJVVRMeUhXR1JiUmZqWUpOZmVSdzlqTkxvOHZsTQ%3D%3D%22%7D&query_hash=37479f2b8209594dde7facb0d904896a
2025-01-10 01:03:26,773 - INFO - [None] [200] GET https://www.instagram.com/graphql/query/?variables=%7B%22id%22%3A%2244673213498%22%2C%22include_reel%22%3Atrue%2C%22fetch_mutual%22%3Afalse%2C%22first%22%3A12%2C%22after%22%3A%22QVFEZktWbkFhVHpXZ0lPX0hoNjZRb2lWSUFlMVlBZjI2S003OGlaVjY2d1h4QzBPdXJPWVVyY3hRQ1hzdXBOMFQ5S2tReWdSVzJVREdmTWRtRE9Tekl0Vw%3D%3D%22%7D&query_hash=37479f2b8209594dde7facb0d904896a
2025-01-10 01:03:29,183 - INFO - [None] [200] GET https://www.instagram.com/graphql/query/?variables=%7B%22id%22%3A%2244673213498%22%2C%22include_reel%22%3Atrue%2C%22fetch_mutual%22%3Afalse%2C%22first%22%3A12%2C%22after%22%3A%22QVFBSVdYTG1wUGF4RkhWLXdTNlNlWTdSeVliajhlT2xROXI1QW5QNVVfZGdoYmJRZUdvclc1bVYxZkkzRU94eW51WTRpNFA1czdoMVhyOGJBRzdSZHQ3dA%3D%3D%22%7D&query_hash=37479f2b8209594dde7facb0d904896a
2025-01-10 01:03:31,511 - INFO - [None] [200] GET https://www.instagram.com/graphql/query/?variables=%7B%22id%22%3A%2244673213498%22%2C%22include_reel%22%3Atrue%2C%22fetch_mutual%22%3Afalse%2C%22first%22%3A12%2C%22after%22%3A%22QVFDQ1BDMGdOZXplZm5XdUpzQlJfaWhIb0NmOWZROFNXX1hpOEl1Q091LU44NUF3aEx3Z0E5cDRQVjBPR3B6S3JWeVFETVI5MnNPS25NcnpfSm9yejhKaQ%3D%3D%22%7D&query_hash=37479f2b8209594dde7facb0d904896a
2025-01-10 01:03:33,849 - INFO - [None] [200] GET https://www.instagram.com/graphql/query/?variables=%7B%22id%22%3A%2244673213498%22%2C%22include_reel%22%3Atrue%2C%22fetch_mutual%22%3Afalse%2C%22first%22%3A12%2C%22after%22%3A%22QVFCN0VhZEx3UVFOTXIzQ0hyZUZramVhcmN0NE1ZckZpWmhFeExPRXk0VmVxekJvelNBS21UMWlEZ29BdDJrRmktMG9sNl9CNXJhQzlzbkNHUGpydHRkTw%3D%3D%22%7D&query_hash=37479f2b8209594dde7facb0d904896a
2025-01-10 01:03:36,212 - INFO - [None] [200] GET https://www.instagram.com/graphql/query/?variables=%7B%22id%22%3A%2244673213498%22%2C%22include_reel%22%3Atrue%2C%22fetch_mutual%22%3Afalse%2C%22first%22%3A12%2C%22after%22%3A%22QVFCcXlzaVdBM0VGazhHQmNrOWhsRGJiUU1rLUh6Mm9lM25ubVRPRkc2ZUtEMGRNYXZod3hYSWpYTXNhZUsxb2RuWTlOalRXdG9yb2laZlBuUXF5SFJtQg%3D%3D%22%7D&query_hash=37479f2b8209594dde7facb0d904896a
2025-01-10 01:03:38,690 - INFO - [None] [200] GET https://www.instagram.com/graphql/query/?variables=%7B%22id%22%3A%2244673213498%22%2C%22include_reel%22%3Atrue%2C%22fetch_mutual%22%3Afalse%2C%22first%22%3A12%2C%22after%22%3A%22QVFEeTNBcHZSNUtGaXBUUEV1X3d1dm9weFQ5T0tjd09icThFaHhHVXF1cmNxWVp0el9QaFphbXdqa0Mtc29MTGt2Y2lGZVkwbmVKMFo4eXhZYjhCWk8zTw%3D%3D%22%7D&query_hash=37479f2b8209594dde7facb0d904896a
2025-01-10 01:03:41,148 - INFO - [None] [200] GET https://www.instagram.com/graphql/query/?variables=%7B%22id%22%3A%2244673213498%22%2C%22include_reel%22%3Atrue%2C%22fetch_mutual%22%3Afalse%2C%22first%22%3A12%2C%22after%22%3A%22QVFDWFgxMmdISWU0Q1ZWeDd3a3dDZXBHNHpuMkliR0tJNm81ejhkUDRCOXJGZVVlU3BqQTUyVnpwT0d0TElLdkp0VW52N1NmU1NhY09GOXRXWUE2ZmR2UQ%3D%3D%22%7D&query_hash=37479f2b8209594dde7facb0d904896a
2025-01-10 01:03:43,483 - INFO - [None] [200] GET https://www.instagram.com/graphql/query/?variables=%7B%22id%22%3A%2244673213498%22%2C%22include_reel%22%3Atrue%2C%22fetch_mutual%22%3Afalse%2C%22first%22%3A12%2C%22after%22%3A%22QVFCMThYYkdWS3VXNDFIaFF5TkUxYlFkaFhlQVFBQmVldWhHR1VFY2ZGbDFST1NZeUgxMnRSVTRxQWZsM0FCQmNRaXQySXFKZzJzQ1JWYTNBclp1VmJPMg%3D%3D%22%7D&query_hash=37479f2b8209594dde7facb0d904896a
2025-01-10 01:03:45,996 - INFO - [None] [200] GET https://www.instagram.com/graphql/query/?variables=%7B%22id%22%3A%2244673213498%22%2C%22include_reel%22%3Atrue%2C%22fetch_mutual%22%3Afalse%2C%22first%22%3A12%2C%22after%22%3A%22QVFEYk9iUDlGRG1yZE9FZmpxVWJjRDRsQjliYWN2NDZmWkMxZ1JKcl9RalFQZ28wbmxJQU5xbGZXZ0diWEtNMTdHRUJsVjRjR25vd28xSzZsSWRhMGlkaA%3D%3D%22%7D&query_hash=37479f2b8209594dde7facb0d904896a
2025-01-10 01:03:48,360 - INFO - [None] [200] GET https://www.instagram.com/graphql/query/?variables=%7B%22id%22%3A%2244673213498%22%2C%22include_reel%22%3Atrue%2C%22fetch_mutual%22%3Afalse%2C%22first%22%3A12%2C%22after%22%3A%22QVFDTmlOTTBDck5DYjVtQnY5Y212ZHdNbmNmXzB4SDJVcEVJakFBVC1fSXp3U3pBOXA5M2VJd0l2N3o2dm0wM29taGxPUS1WVnRTWW9YdHM3SW53UDltTg%3D%3D%22%7D&query_hash=37479f2b8209594dde7facb0d904896a
2025-01-10 01:03:50,680 - INFO - [None] [200] GET https://www.instagram.com/graphql/query/?variables=%7B%22id%22%3A%2244673213498%22%2C%22include_reel%22%3Atrue%2C%22fetch_mutual%22%3Afalse%2C%22first%22%3A12%2C%22after%22%3A%22QVFCcWFYTngwQXQwSXN3MGVlWXFDRVBBbDBzMEYxX3kwQmo3dDRpUk5jRHBoSlRmQ3plbGhsRTdfUC1CdlpiR2ZsMWIwQjRVSnJ1V29BbC1vSjVuZG9EVA%3D%3D%22%7D&query_hash=37479f2b8209594dde7facb0d904896a
2025-01-10 01:03:53,021 - INFO - [None] [200] GET https://www.instagram.com/graphql/query/?variables=%7B%22id%22%3A%2244673213498%22%2C%22include_reel%22%3Atrue%2C%22fetch_mutual%22%3Afalse%2C%22first%22%3A12%2C%22after%22%3A%22QVFCQkU0alN0dHppUUtlZEVZamNOeGhsZjRGR0JxdnZPaFpmQWg1WlBRRkg3RWJwYjg4eHZOVGRNSFk4XzR5d0xqRHFUOXdtQ1Q4TFl3enZZY2ZmRE5mUw%3D%3D%22%7D&query_hash=37479f2b8209594dde7facb0d904896a
2025-01-10 01:03:55,457 - INFO - [None] [200] GET https://www.instagram.com/graphql/query/?variables=%7B%22id%22%3A%2244673213498%22%2C%22include_reel%22%3Atrue%2C%22fetch_mutual%22%3Afalse%2C%22first%22%3A12%2C%22after%22%3A%22QVFEdlZ4cXJRN01UcTg4aEI1Z2wtVWlQdjd0RkJxMWFIZHRENUJqMmtoOFlsbnN3VmdyeHVsdk9nSkRUWlNmeWdNRzVXNDJjRm9sQmhMdk5lMVkyS1Q2Wg%3D%3D%22%7D&query_hash=37479f2b8209594dde7facb0d904896a
2025-01-10 01:03:57,793 - INFO - [None] [200] GET https://www.instagram.com/graphql/query/?variables=%7B%22id%22%3A%2244673213498%22%2C%22include_reel%22%3Atrue%2C%22fetch_mutual%22%3Afalse%2C%22first%22%3A12%2C%22after%22%3A%22QVFCZjRWVmVkSDYtTG5oRlFnTTNmZktZOFYzc3pSNHNWRTQwcVlxZEdjWThSZHp1YVZhWHhTTHVNSTh6MXZvUU5tY2FvZlppalpBU0JpeXV4aGVzYnlYeQ%3D%3D%22%7D&query_hash=37479f2b8209594dde7facb0d904896a
2025-01-10 01:04:00,150 - INFO - [None] [200] GET https://www.instagram.com/graphql/query/?variables=%7B%22id%22%3A%2244673213498%22%2C%22include_reel%22%3Atrue%2C%22fetch_mutual%22%3Afalse%2C%22first%22%3A12%2C%22after%22%3A%22QVFDTmhSdmVrbExIMERUSTlITmo3TmI1TFR4Q3R6anpXeFpJNjlPWjQtN1BBN0xTVDVya1pYWXdXYXc3c0I1LUlmeGpmdkd1UU02dHltbUo3dGd2cmRTZQ%3D%3D%22%7D&query_hash=37479f2b8209594dde7facb0d904896a
2025-01-10 01:04:02,532 - INFO - [None] [200] GET https://www.instagram.com/graphql/query/?variables=%7B%22id%22%3A%2244673213498%22%2C%22include_reel%22%3Atrue%2C%22fetch_mutual%22%3Afalse%2C%22first%22%3A12%2C%22after%22%3A%22QVFDVTV6cmdlUGdGSXRyY2NQNDhPcjRfNkNNMVZ6R3NPWlNhVmxaN0E2d3ZCeEtSZEZJSVllUWZ2VmRTdWxoSGdrQ2M0bkVuYXp6N1JFRHkzNnltS2RKcQ%3D%3D%22%7D&query_hash=37479f2b8209594dde7facb0d904896a
2025-01-10 01:04:05,008 - INFO - [None] [200] GET https://www.instagram.com/graphql/query/?variables=%7B%22id%22%3A%2244673213498%22%2C%22include_reel%22%3Atrue%2C%22fetch_mutual%22%3Afalse%2C%22first%22%3A12%2C%22after%22%3A%22QVFCc3kxV2JWWTVaSi1RWThaTTRfUy1mZVNSUnpZZ05HWW1XR1BWWlEzcnVPS09HWnQzYkl1dzlEaTBJNDQ0SlZET1hlSDl6LXl5YkJRY1BGdTZlWUNWdA%3D%3D%22%7D&query_hash=37479f2b8209594dde7facb0d904896a
